15875 1488356178.441240 select(7, [3 4], [], NULL, NULL) = 1 (in [4])
15875 1488356181.234088 clock_gettime(CLOCK_BOOTTIME, {19387, 506449784}) = 0
15875 1488356181.234190 read(4, "d", 16384) = 1
15875 1488356181.234348 clock_gettime(CLOCK_BOOTTIME, {19387, 506714189}) = 0
15875 1488356181.234450 clock_gettime(CLOCK_BOOTTIME, {19387, 506802365}) = 0
15875 1488356181.234535 select(7, [3 4], [3], NULL, NULL) = 1 (out [3])
15875 1488356181.234656 clock_gettime(CLOCK_BOOTTIME, {19387, 507007815}) = 0
15875 1488356181.234750 write(3, "\27$|\263\300\274\301\267\227\2472\20\322\6\267\240\6\373iAi9\306!\366mK\272\331\255\317b"..., 36) = 36
15875 1488356181.235008 clock_gettime(CLOCK_BOOTTIME, {19387, 507350147}) = 0
15875 1488356181.235062 clock_gettime(CLOCK_BOOTTIME, {19387, 507402986}) = 0
15875 1488356181.235112 select(7, [3 4], [], NULL, NULL) = 1 (in [3])
15875 1488356181.235595 clock_gettime(CLOCK_BOOTTIME, {19387, 507933554}) = 0
15875 1488356181.235634 read(3, "\7r\226\356\247\375\371\370\362\214\352\320_}\314\255\5\222]F\n\250\232rW#\255\252\214\262\332X"..., 8192) = 36
15875 1488356181.235718 clock_gettime(CLOCK_BOOTTIME, {19387, 508069559}) = 0
15875 1488356181.235798 clock_gettime(CLOCK_BOOTTIME, {19387, 508146818}) = 0
15875 1488356181.235871 select(7, [3 4], [5], NULL, NULL) = 1 (out [5])
15875 1488356181.235965 clock_gettime(CLOCK_BOOTTIME, {19387, 508313382}) = 0
15875 1488356181.236037 write(5, "d", 1) = 1
15875 1488356181.236118 clock_gettime(CLOCK_BOOTTIME, {19387, 508466727}) = 0
15875 1488356181.236189 clock_gettime(CLOCK_BOOTTIME, {19387, 508536445}) = 0
15875 1488356181.236259 select(7, [3 4], [], NULL, NULL) = 1 (in [4])
15875 1488356181.463873 clock_gettime(CLOCK_BOOTTIME, {19387, 736228044}) = 0
15875 1488356181.463976 read(4, "f", 16384) = 1
15875 1488356181.464152 clock_gettime(CLOCK_BOOTTIME, {19387, 736550896}) = 0
15875 1488356181.464303 clock_gettime(CLOCK_BOOTTIME, {19387, 736653117}) = 0
15875 1488356181.464373 select(7, [3 4], [3], NULL, NULL) = 1 (out [3])
15875 1488356181.464466 clock_gettime(CLOCK_BOOTTIME, {19387, 736811780}) = 0
15875 1488356181.464528 write(3, "z\324\225C\177\226\227Xe\2203\6\317\23&\363 \35\314\350\245z\317p\351<\214\321d\276\31\313"..., 36) = 36
15875 1488356181.464773 clock_gettime(CLOCK_BOOTTIME, {19387, 737121715}) = 0
15875 1488356181.464840 clock_gettime(CLOCK_BOOTTIME, {19387, 737183348}) = 0
15875 1488356181.464898 select(7, [3 4], [], NULL, NULL) = 1 (in [3])
15875 1488356181.465345 clock_gettime(CLOCK_BOOTTIME, {19387, 737682358}) = 0
15875 1488356181.465377 read(3, "&/\304\215\307qp \330\25\215\202{\372\226{\7\271\v5WZ\256\2m\357o\373\23!~\341"..., 8192) = 36
15875 1488356181.465425 clock_gettime(CLOCK_BOOTTIME, {19387, 737762600}) = 0
15875 1488356181.465458 clock_gettime(CLOCK_BOOTTIME, {19387, 737794565}) = 0
15875 1488356181.465489 select(7, [3 4], [5], NULL, NULL) = 1 (out [5])
15875 1488356181.465531 clock_gettime(CLOCK_BOOTTIME, {19387, 737867773}) = 0
15875 1488356181.465562 write(5, "f", 1) = 1
15875 1488356181.465609 clock_gettime(CLOCK_BOOTTIME, {19387, 737947049}) = 0
15875 1488356181.465644 clock_gettime(CLOCK_BOOTTIME, {19387, 737980947}) = 0
15875 1488356181.465676 select(7, [3 4], [], NULL, NULL) = 1 (in [4])
15875 1488356181.715582 clock_gettime(CLOCK_BOOTTIME, {19387, 987942053}) = 0
15875 1488356181.715726 read(4, " ", 16384) = 1
15875 1488356181.715850 clock_gettime(CLOCK_BOOTTIME, {19387, 988212563}) = 0
15875 1488356181.715951 clock_gettime(CLOCK_BOOTTIME, {19387, 988308472}) = 0
15875 1488356181.716051 select(7, [3 4], [3], NULL, NULL) = 1 (out [3])
15875 1488356181.716185 clock_gettime(CLOCK_BOOTTIME, {19387, 988547697}) = 0
15875 1488356181.716361 write(3, "\235\310;f\t\254\237\364\304v\fK\321/4(\32\0336\244\233\332\220\37|\211O\273Z\207\27\335"..., 36) = 36
15875 1488356181.716689 clock_gettime(CLOCK_BOOTTIME, {19387, 989078530}) = 0
15875 1488356181.716854 clock_gettime(CLOCK_BOOTTIME, {19387, 989237720}) = 0
15875 1488356181.717013 select(7, [3 4], [], NULL, NULL) = 1 (in [3])
15875 1488356181.717454 clock_gettime(CLOCK_BOOTTIME, {19387, 989804049}) = 0
15875 1488356181.717562 read(3, "\301\356\320s\357(&\325l\231\373\21t\232{\317\2600\315v\0252\203!\230n\302^\223\250\377\212"..., 8192) = 36
15875 1488356181.717653 clock_gettime(CLOCK_BOOTTIME, {19387, 989995200}) = 0
15875 1488356181.717699 clock_gettime(CLOCK_BOOTTIME, {19387, 990040105}) = 0
15875 1488356181.717744 select(7, [3 4], [5], NULL, NULL) = 1 (out [5])
15875 1488356181.717807 clock_gettime(CLOCK_BOOTTIME, {19387, 990147467}) = 0
15875 1488356181.717852 write(5, " ", 1) = 1
15875 1488356181.717913 clock_gettime(CLOCK_BOOTTIME, {19387, 990257738}) = 0
15875 1488356181.717980 clock_gettime(CLOCK_BOOTTIME, {19387, 990326119}) = 0
15875 1488356181.718040 select(7, [3 4], [], NULL, NULL) = 1 (in [4])
15875 1488356182.177968 clock_gettime(CLOCK_BOOTTIME, {19388, 450329762}) = 0
15875 1488356182.178081 read(4, "-", 16384) = 1
15875 1488356182.178255 clock_gettime(CLOCK_BOOTTIME, {19388, 450622930}) = 0
15875 1488356182.178413 clock_gettime(CLOCK_BOOTTIME, {19388, 450772651}) = 0
15875 1488356182.178535 select(7, [3 4], [3], NULL, NULL) = 1 (out [3])
15875 1488356182.178647 clock_gettime(CLOCK_BOOTTIME, {19388, 450989591}) = 0
15875 1488356182.178696 write(3, "\345u/6\227\342&\222$\337c\361\255\\\334VM\7$b3|\235\372\202\307Cc,'\2133"..., 36) = 36
15875 1488356182.178915 clock_gettime(CLOCK_BOOTTIME, {19388, 451258862}) = 0
15875 1488356182.178970 clock_gettime(CLOCK_BOOTTIME, {19388, 451312787}) = 0
15875 1488356182.179022 select(7, [3 4], [], NULL, NULL) = 1 (in [3])
15875 1488356182.179788 clock_gettime(CLOCK_BOOTTIME, {19388, 452144907}) = 0
15875 1488356182.179861 read(3, "\324\332\246q \225\224/GA\r\3470\247[\242t\177\373\2020\352\32\23\323\352\303s\211\330\237\200"..., 8192) = 36
15875 1488356182.179946 clock_gettime(CLOCK_BOOTTIME, {19388, 452298920}) = 0
15875 1488356182.180010 clock_gettime(CLOCK_BOOTTIME, {19388, 452351697}) = 0
15875 1488356182.180126 select(7, [3 4], [5], NULL, NULL) = 1 (out [5])
15875 1488356182.180249 clock_gettime(CLOCK_BOOTTIME, {19388, 452600162}) = 0
15875 1488356182.180322 write(5, "-", 1) = 1
15875 1488356182.180383 clock_gettime(CLOCK_BOOTTIME, {19388, 452725701}) = 0
15875 1488356182.180434 clock_gettime(CLOCK_BOOTTIME, {19388, 452774565}) = 0
15875 1488356182.180482 select(7, [3 4], [], NULL, NULL) = 1 (in [4])
15875 1488356182.417280 clock_gettime(CLOCK_BOOTTIME, {19388, 689639707}) = 0
15875 1488356182.417372 read(4, "h", 16384) = 1
15875 1488356182.417521 clock_gettime(CLOCK_BOOTTIME, {19388, 689893142}) = 0
15875 1488356182.417660 clock_gettime(CLOCK_BOOTTIME, {19388, 690027591}) = 0
15875 1488356182.417782 select(7, [3 4], [3], NULL, NULL) = 1 (out [3])
15875 1488356182.417877 clock_gettime(CLOCK_BOOTTIME, {19388, 690220438}) = 0
15875 1488356182.417933 write(3, "6v1!\202\304\361\222\210\334\213\254\230\3312Y\236\325rf\212\326\24\360d`_4,\3507n"..., 36) = 36
15875 1488356182.418177 clock_gettime(CLOCK_BOOTTIME, {19388, 690523764}) = 0
15875 1488356182.418246 clock_gettime(CLOCK_BOOTTIME, {19388, 690590888}) = 0
15875 1488356182.418310 select(7, [3 4], [], NULL, NULL) = 1 (in [3])
15875 1488356182.418979 clock_gettime(CLOCK_BOOTTIME, {19388, 691323667}) = 0
15875 1488356182.419049 read(3, "\367\r\337W\207\246x\210\307\177\36\0c\36\303C\320:?\242M\367Yv)M\27\212'\352xo"..., 8192) = 36
15875 1488356182.419149 clock_gettime(CLOCK_BOOTTIME, {19388, 691495986}) = 0
15875 1488356182.419243 clock_gettime(CLOCK_BOOTTIME, {19388, 691588971}) = 0
15875 1488356182.419313 select(7, [3 4], [5], NULL, NULL) = 1 (out [5])
15875 1488356182.419421 clock_gettime(CLOCK_BOOTTIME, {19388, 691780060}) = 0
15875 1488356182.419545 write(5, "h", 1) = 1
15875 1488356182.419632 clock_gettime(CLOCK_BOOTTIME, {19388, 691978011}) = 0
15875 1488356182.419881 clock_gettime(CLOCK_BOOTTIME, {19388, 692709109}) = 0
15875 1488356182.420411 select(7, [3 4], [], NULL, NULL) = 1 (in [4])
15875 1488356182.905319 clock_gettime(CLOCK_BOOTTIME, {19389, 177678082}) = 0
15875 1488356182.905410 read(4, "\r", 16384) = 1
15875 1488356182.905560 clock_gettime(CLOCK_BOOTTIME, {19389, 177911898}) = 0
15875 1488356182.905677 clock_gettime(CLOCK_BOOTTIME, {19389, 178030714}) = 0
15875 1488356182.905876 select(7, [3 4], [3], NULL, NULL) = 1 (out [3])
15875 1488356182.905980 clock_gettime(CLOCK_BOOTTIME, {19389, 178326219}) = 0
15875 1488356182.906051 write(3, "^+\245\273\235\20\347\304\305\242\321\357\16k\354&\272\214\361\200\341\4\346z4u\206a\274k\332E"..., 36) = 36
15875 1488356182.906270 clock_gettime(CLOCK_BOOTTIME, {19389, 178616583}) = 0
15875 1488356182.906338 clock_gettime(CLOCK_BOOTTIME, {19389, 178683334}) = 0
15875 1488356182.906403 select(7, [3 4], [], NULL, NULL) = 1 (in [3])
15875 1488356182.909845 clock_gettime(CLOCK_BOOTTIME, {19389, 182200558}) = 0
15875 1488356182.909939 read(3, " \"\3\350p\263\336-W(\375I\6v)\203\34\0019\33\226\204\377i\"\326_\316\2532\364\245"..., 8192) = 36
15875 1488356182.910046 clock_gettime(CLOCK_BOOTTIME, {19389, 182394474}) = 0
15875 1488356182.910116 clock_gettime(CLOCK_BOOTTIME, {19389, 182461406}) = 0
15875 1488356182.910181 select(7, [3 4], [5], NULL, NULL) = 1 (out [5])
15875 1488356182.910395 clock_gettime(CLOCK_BOOTTIME, {19389, 182744357}) = 0
15875 1488356182.910470 write(5, "\r\n", 2) = 2
15875 1488356182.910585 clock_gettime(CLOCK_BOOTTIME, {19389, 182936474}) = 0
15875 1488356182.910665 clock_gettime(CLOCK_BOOTTIME, {19389, 183015972}) = 0
15875 1488356182.910734 select(7, [3 4], [], NULL, NULL) = 1 (in [3])
15875 1488356182.911515 clock_gettime(CLOCK_BOOTTIME, {19389, 183866290}) = 0
15875 1488356182.911594 read(3, "\351CP\33\244\33\7\260\303x\307J\207\256;\214\240\275\246K-\205\266p\373\244\376\2622d\336\333"..., 8192) = 44
15875 1488356182.911776 clock_gettime(CLOCK_BOOTTIME, {19389, 184120734}) = 0
15875 1488356182.911826 clock_gettime(CLOCK_BOOTTIME, {19389, 184164587}) = 0
15875 1488356182.911863 select(7, [3 4], [5], NULL, NULL) = 2 (in [3], out [5])
15875 1488356182.911972 clock_gettime(CLOCK_BOOTTIME, {19389, 184309826}) = 0
15875 1488356182.912016 write(5, "df: ", 4) = 4
15875 1488356182.912068 read(3, "\361\373\235\371O\206|!qany\372\271\244\3033Kf\25\302h.V\302\245\215f\261\17U/"..., 8192) = 96
15875 1488356182.912140 clock_gettime(CLOCK_BOOTTIME, {19389, 184478993}) = 0
15875 1488356182.912178 clock_gettime(CLOCK_BOOTTIME, {19389, 184515489}) = 0
15875 1488356182.912214 select(7, [3 4], [5], NULL, NULL) = 1 (out [5])
15875 1488356182.912262 clock_gettime(CLOCK_BOOTTIME, {19389, 184599525}) = 0
15875 1488356182.912297 write(5, "/mnt/hgfs: \345\215\217\350\256\256\351\224\231\350\257\257", 23) = 23
15875 1488356182.912345 clock_gettime(CLOCK_BOOTTIME, {19389, 184683932}) = 0
15875 1488356182.912384 clock_gettime(CLOCK_BOOTTIME, {19389, 184721475}) = 0
15875 1488356182.912485 select(7, [3 4], [], NULL, NULL) = 1 (in [3])
15875 1488356182.912610 clock_gettime(CLOCK_BOOTTIME, {19389, 184949412}) = 0
15875 1488356182.912650 read(3, "_\261{\37\230\256\30\355N.\260\335Kt<p3R@\277\326\32\275\30\335\330D\362\27\301\2701"..., 8192) = 136
15875 1488356182.912705 clock_gettime(CLOCK_BOOTTIME, {19389, 185043922}) = 0
15875 1488356182.912743 clock_gettime(CLOCK_BOOTTIME, {19389, 185080311}) = 0
15875 1488356182.912778 select(7, [3 4], [5], NULL, NULL) = 1 (out [5])
15875 1488356182.912826 clock_gettime(CLOCK_BOOTTIME, {19389, 185164293}) = 0
15875 1488356182.912862 write(5, "\r\n\346\226\207\344\273\266\347\263\273\347\273\237        \345\256\271\351\207\217  \345\267"..., 62) = 62
15875 1488356182.912910 clock_gettime(CLOCK_BOOTTIME, {19389, 185249174}) = 0
15875 1488356182.912949 clock_gettime(CLOCK_BOOTTIME, {19389, 185286776}) = 0
15875 1488356182.913051 select(7, [3 4], [], NULL, NULL) = 1 (in [3])
15875 1488356182.913100 clock_gettime(CLOCK_BOOTTIME, {19389, 185498093}) = 0
15875 1488356182.913202 read(3, "\\X\216\33\214\306\355\r\302Z*}\307\352\"L\273\200`\255I\203\211\364%\301D\373\254\7\31Y"..., 8192) = 156
15875 1488356182.913264 clock_gettime(CLOCK_BOOTTIME, {19389, 185602297}) = 0
15875 1488356182.913300 clock_gettime(CLOCK_BOOTTIME, {19389, 185637752}) = 0
15875 1488356182.913335 select(7, [3 4], [5], NULL, NULL) = 2 (in [3], out [5])
15875 1488356182.913435 clock_gettime(CLOCK_BOOTTIME, {19389, 185808009}) = 0
15875 1488356182.913522 write(5, "\r\nudev            973M     0  97"..., 47) = 47
15875 1488356182.913586 read(3, "\323g\352\365\31H\300\367\374#x\7P\373\31)\361Bk\23\375jk \267\332\305\4\265(I="..., 8192) = 120
15875 1488356182.913653 clock_gettime(CLOCK_BOOTTIME, {19389, 185994676}) = 0
15875 1488356182.913695 clock_gettime(CLOCK_BOOTTIME, {19389, 186033439}) = 0
15875 1488356182.913732 select(7, [3 4], [5], NULL, NULL) = 1 (out [5])
15875 1488356182.913780 clock_gettime(CLOCK_BOOTTIME, {19389, 186118209}) = 0
15875 1488356182.913815 write(5, "tmpfs           199M   12M  187M"..., 45) = 45
15875 1488356182.913862 clock_gettime(CLOCK_BOOTTIME, {19389, 186200767}) = 0
15875 1488356182.913901 clock_gettime(CLOCK_BOOTTIME, {19389, 186238143}) = 0
15875 1488356182.913997 select(7, [3 4], [], NULL, NULL) = 1 (in [3])
15875 1488356182.914046 clock_gettime(CLOCK_BOOTTIME, {19389, 186384564}) = 0
15875 1488356182.914082 read(3, "\242\302\232\242\221\307\333\220\347\322Xv\304_\245$/\201\257<\331#\252m$\353\224 JZz\216"..., 8192) = 112
15875 1488356182.914134 clock_gettime(CLOCK_BOOTTIME, {19389, 186527842}) = 0
15875 1488356182.914232 clock_gettime(CLOCK_BOOTTIME, {19389, 186570421}) = 0
15875 1488356182.914268 select(7, [3 4], [5], NULL, NULL) = 2 (in [3], out [5])
15875 1488356182.914316 clock_gettime(CLOCK_BOOTTIME, {19389, 186654159}) = 0
15875 1488356182.914351 write(5, "/dev/sda1        19G  6.5G   12G"..., 42) = 42
15875 1488356182.914398 read(3, "O\273\303\311\\U\322?\262\v'\257Bn\207\20\317\n\263\224#:P[@\211\226\v\244Ys\1"..., 8192) = 120
15875 1488356182.914456 clock_gettime(CLOCK_BOOTTIME, {19389, 186801835}) = 0
15875 1488356182.914510 clock_gettime(CLOCK_BOOTTIME, {19389, 186849891}) = 0
15875 1488356182.914551 select(7, [3 4], [5], NULL, NULL) = 2 (in [3], out [5])
15875 1488356182.914660 clock_gettime(CLOCK_BOOTTIME, {19389, 187014419}) = 0
15875 1488356182.914720 write(5, "tmpfs           992M  516K  992M"..., 49) = 49
15875 1488356182.914780 read(3, "\217\201\377\254\35\253 \252\23~[\260M\222P\276Vh:cd\342Q\3656\275\217\307\24W\215\26"..., 8192) = 120
15875 1488356182.914887 clock_gettime(CLOCK_BOOTTIME, {19389, 187229426}) = 0
15875 1488356182.914931 clock_gettime(CLOCK_BOOTTIME, {19389, 187269176}) = 0
15875 1488356182.914968 select(7, [3 4], [5], NULL, NULL) = 2 (in [3], out [5])
15875 1488356182.915017 clock_gettime(CLOCK_BOOTTIME, {19389, 187495881}) = 0
15875 1488356182.915200 write(5, "tmpfs           5.0M  4.0K  5.0M"..., 50) = 50
15875 1488356182.915247 read(3, "\254\251\204m\r\320\33\327\0%\7\n%\6\304\261\326[z\327\260Y\344CG\206\234\v\"<\313\273"..., 8192) = 220
15875 1488356182.915339 clock_gettime(CLOCK_BOOTTIME, {19389, 187678095}) = 0
15875 1488356182.915377 clock_gettime(CLOCK_BOOTTIME, {19389, 187714905}) = 0
15875 1488356182.915413 select(7, [3 4], [5], NULL, NULL) = 2 (in [3], out [5])
15875 1488356182.915474 clock_gettime(CLOCK_BOOTTIME, {19389, 187821811}) = 0
15875 1488356182.915533 write(5, "tmpfs           992M     0  992M"..., 108) = 108
15875 1488356182.915597 read(3, "y\3668\325i\17\353o\225\235c\17\305\364\n\205\311\342\271\342u\347\212\260\324]2_\272\6\370\244"..., 8192) = 36
15875 1488356182.915730 clock_gettime(CLOCK_BOOTTIME, {19389, 188070928}) = 0
15875 1488356182.915771 clock_gettime(CLOCK_BOOTTIME, {19389, 188109150}) = 0
15875 1488356182.915807 select(7, [3 4], [5], NULL, NULL) = 1 (out [5])
15875 1488356182.915857 clock_gettime(CLOCK_BOOTTIME, {19389, 188194698}) = 0
15875 1488356182.915892 write(5, "\r\n", 2) = 2
15875 1488356182.915937 clock_gettime(CLOCK_BOOTTIME, {19389, 188275524}) = 0
15875 1488356182.916045 clock_gettime(CLOCK_BOOTTIME, {19389, 188389077}) = 0
15875 1488356182.916095 select(7, [3 4], [], NULL, NULL) = 1 (in [3])
15875 1488356182.916262 clock_gettime(CLOCK_BOOTTIME, {19389, 188600487}) = 0
15875 1488356182.916298 read(3, "J\36y\374\311-g[\247d\344\255\361\25e\243\214$tz\220 X9U\32\10o\325J]p"..., 8192) = 92
15875 1488356182.916391 clock_gettime(CLOCK_BOOTTIME, {19389, 188730105}) = 0
15875 1488356182.916429 clock_gettime(CLOCK_BOOTTIME, {19389, 188794751}) = 0
15875 1488356182.916523 select(7, [3 4], [5], NULL, NULL) = 1 (out [5])
15875 1488356182.916677 clock_gettime(CLOCK_BOOTTIME, {19389, 189040976}) = 0
15875 1488356182.916758 write(5, "\33]0;liu@liu-vm: ~\7\33[01;32mliu@li"..., 58) = 58
15875 1488356182.916823 clock_gettime(CLOCK_BOOTTIME, {19389, 189161411}) = 0
15875 1488356182.916861 clock_gettime(CLOCK_BOOTTIME, {19389, 189197716}) = 0
15875 1488356182.916891 select(7, [3 4], [], NULL, NULL) = 1 (in [4])
15875 1488356183.907610 clock_gettime(CLOCK_BOOTTIME, {19390, 179973539}) = 0
15875 1488356183.907788 read(4, "l", 16384) = 1
15875 1488356183.907914 clock_gettime(CLOCK_BOOTTIME, {19390, 180266731}) = 0
15875 1488356183.907995 clock_gettime(CLOCK_BOOTTIME, {19390, 180345017}) = 0
15875 1488356183.908072 select(7, [3 4], [3], NULL, NULL) = 1 (out [3])
15875 1488356183.908216 clock_gettime(CLOCK_BOOTTIME, {19390, 180585909}) = 0
15875 1488356183.908341 write(3, "\250\264c\20\235\206\220\222\205\375Yd\247F\247-\212\245f\r8\33\\\247q(\236\3718\311l\374"..., 36) = 36
15875 1488356183.908554 clock_gettime(CLOCK_BOOTTIME, {19390, 180899373}) = 0
15875 1488356183.908618 clock_gettime(CLOCK_BOOTTIME, {19390, 180962588}) = 0
15875 1488356183.908679 select(7, [3 4], [], NULL, NULL) = 1 (in [3])
15875 1488356183.909489 clock_gettime(CLOCK_BOOTTIME, {19390, 181842652}) = 0
15875 1488356183.909587 read(3, "\270%\231\205[\fk&\20;\313S\373{U5\4\227=hq\361T\t\336\274Zw\312\257\265\201"..., 8192) = 36
15875 1488356183.909703 clock_gettime(CLOCK_BOOTTIME, {19390, 182053896}) = 0
15875 1488356183.909782 clock_gettime(CLOCK_BOOTTIME, {19390, 182128858}) = 0
15875 1488356183.909847 select(7, [3 4], [5], NULL, NULL) = 1 (out [5])
15875 1488356183.909937 clock_gettime(CLOCK_BOOTTIME, {19390, 182283053}) = 0
15875 1488356183.910001 write(5, "l", 1) = 1
15875 1488356183.910081 clock_gettime(CLOCK_BOOTTIME, {19390, 182427930}) = 0
15875 1488356183.910153 clock_gettime(CLOCK_BOOTTIME, {19390, 182501611}) = 0
15875 1488356183.910225 select(7, [3 4], [], NULL, NULL) = 1 (in [4])
15875 1488356184.042048 clock_gettime(CLOCK_BOOTTIME, {19390, 314398128}) = 0
15875 1488356184.042156 read(4, "s", 16384) = 1
15875 1488356184.042283 clock_gettime(CLOCK_BOOTTIME, {19390, 314632261}) = 0
15875 1488356184.042360 clock_gettime(CLOCK_BOOTTIME, {19390, 314707989}) = 0
15875 1488356184.042424 select(7, [3 4], [3], NULL, NULL) = 1 (out [3])
15875 1488356184.042502 clock_gettime(CLOCK_BOOTTIME, {19390, 314845344}) = 0
15875 1488356184.042560 write(3, "\275\361:\317J.\360\5I\216\255\365[\32\32\271\327\361]U\27\246\3168O\27\234\203)\221/\211"..., 36) = 36
15875 1488356184.042767 clock_gettime(CLOCK_BOOTTIME, {19390, 315111364}) = 0
15875 1488356184.042829 clock_gettime(CLOCK_BOOTTIME, {19390, 315172303}) = 0
15875 1488356184.042887 select(7, [3 4], [], NULL, NULL) = 1 (in [3])
15875 1488356184.043432 clock_gettime(CLOCK_BOOTTIME, {19390, 315776418}) = 0
15875 1488356184.043494 read(3, "\2\351\363\321\213\337\33)\301\234)\277Sh\377\341\345\372\237\373im$\220tE\351Q\257\337u\217"..., 8192) = 36
15875 1488356184.043578 clock_gettime(CLOCK_BOOTTIME, {19390, 315923220}) = 0
15875 1488356184.043641 clock_gettime(CLOCK_BOOTTIME, {19390, 315984593}) = 0
15875 1488356184.043766 select(7, [3 4], [5], NULL, NULL) = 1 (out [5])
15875 1488356184.043877 clock_gettime(CLOCK_BOOTTIME, {19390, 316224389}) = 0
15875 1488356184.043935 write(5, "s", 1) = 1
15875 1488356184.044008 clock_gettime(CLOCK_BOOTTIME, {19390, 316354055}) = 0
15875 1488356184.044073 clock_gettime(CLOCK_BOOTTIME, {19390, 316414634}) = 0
15875 1488356184.044118 select(7, [3 4], [], NULL, NULL) = 1 (in [4])
15875 1488356184.225308 clock_gettime(CLOCK_BOOTTIME, {19390, 497678244}) = 0
15875 1488356184.225394 read(4, "\r", 16384) = 1
15875 1488356184.225486 clock_gettime(CLOCK_BOOTTIME, {19390, 497828805}) = 0
15875 1488356184.225550 clock_gettime(CLOCK_BOOTTIME, {19390, 497895877}) = 0
15875 1488356184.225609 select(7, [3 4], [3], NULL, NULL) = 1 (out [3])
15875 1488356184.225683 clock_gettime(CLOCK_BOOTTIME, {19390, 498044654}) = 0
15875 1488356184.225753 write(3, "\0231)\23\330\342\313eN\352\335\364\351\311\5I\0317\6\10/\30xR\356\243\v\376\341\313\312G"..., 36) = 36
15875 1488356184.225897 clock_gettime(CLOCK_BOOTTIME, {19390, 498238078}) = 0
15875 1488356184.225947 clock_gettime(CLOCK_BOOTTIME, {19390, 498287081}) = 0
15875 1488356184.225993 select(7, [3 4], [], NULL, NULL) = 1 (in [3])
15875 1488356184.231171 clock_gettime(CLOCK_BOOTTIME, {19390, 503520918}) = 0
15875 1488356184.231239 read(3, "]\251\251\237^\\!\356Y\375\207\7\272\346\2200\331\225\25\375i\22\361xf\257S\335\213c\10\246"..., 8192) = 268
15875 1488356184.231320 clock_gettime(CLOCK_BOOTTIME, {19390, 503661449}) = 0
15875 1488356184.231366 clock_gettime(CLOCK_BOOTTIME, {19390, 503705925}) = 0
15875 1488356184.231410 select(7, [3 4], [5], NULL, NULL) = 1 (out [5])
15875 1488356184.231469 clock_gettime(CLOCK_BOOTTIME, {19390, 503809331}) = 0
15875 1488356184.231525 write(5, "\r\naa.txt  dump.rdb  examples.des"..., 234) = 234
15875 1488356184.231619 clock_gettime(CLOCK_BOOTTIME, {19390, 503962789}) = 0
15875 1488356184.231709 clock_gettime(CLOCK_BOOTTIME, {19390, 504063364}) = 0
15875 1488356184.231781 select(7, [3 4], [], NULL, NULL) = 1 (in [3])
15875 1488356184.231825 clock_gettime(CLOCK_BOOTTIME, {19390, 504161689}) = 0
15875 1488356184.231857 read(3, "\374^\360Hk\353NIG\270\214\301<\1\317\16-\316\267B*\367\217\330\255\36\244\16\343\372y\27"..., 8192) = 92
15875 1488356184.231902 clock_gettime(CLOCK_BOOTTIME, {19390, 504239873}) = 0
15875 1488356184.231936 clock_gettime(CLOCK_BOOTTIME, {19390, 504272857}) = 0
15875 1488356184.231967 select(7, [3 4], [5], NULL, NULL) = 1 (out [5])
15875 1488356184.232009 clock_gettime(CLOCK_BOOTTIME, {19390, 504346144}) = 0
15875 1488356184.232040 write(5, "\33]0;liu@liu-vm: ~\7\33[01;32mliu@li"..., 58) = 58
15875 1488356184.232084 clock_gettime(CLOCK_BOOTTIME, {19390, 504421371}) = 0
15875 1488356184.232118 clock_gettime(CLOCK_BOOTTIME, {19390, 504454857}) = 0
15875 1488356184.232150 select(7, [3 4], [], NULL, NULL) = 1 (in [4])
15875 1488356185.573983 clock_gettime(CLOCK_BOOTTIME, {19391, 846339796}) = 0
15875 1488356185.574105 read(4, "i", 16384) = 1
15875 1488356185.574234 clock_gettime(CLOCK_BOOTTIME, {19391, 846582686}) = 0
15875 1488356185.574342 clock_gettime(CLOCK_BOOTTIME, {19391, 846699076}) = 0
15875 1488356185.574439 select(7, [3 4], [3], NULL, NULL) = 1 (out [3])
15875 1488356185.574532 clock_gettime(CLOCK_BOOTTIME, {19391, 846874408}) = 0
15875 1488356185.574591 write(3, "\30A\376T\326\v`\367\333\37+g\356C}\262\355\361\0\30\357\372\343\262\256\333R\353\215\32-\366"..., 36) = 36
15875 1488356185.574818 clock_gettime(CLOCK_BOOTTIME, {19391, 847161198}) = 0
15875 1488356185.574875 clock_gettime(CLOCK_BOOTTIME, {19391, 847217324}) = 0
15875 1488356185.574929 select(7, [3 4], [], NULL, NULL) = 1 (in [3])
15875 1488356185.575793 clock_gettime(CLOCK_BOOTTIME, {19391, 848136319}) = 0
15875 1488356185.575837 read(3, "\355Y\213\266\206\321S\3657m\323\377\266\v\316\363i\32\375\266%\245\221\337\241\223\337\272\267\270\253\275"..., 8192) = 36
15875 1488356185.575894 clock_gettime(CLOCK_BOOTTIME, {19391, 848231995}) = 0
15875 1488356185.575933 clock_gettime(CLOCK_BOOTTIME, {19391, 848275107}) = 0
15875 1488356185.575983 select(7, [3 4], [5], NULL, NULL) = 1 (out [5])
15875 1488356185.576028 clock_gettime(CLOCK_BOOTTIME, {19391, 848364767}) = 0
15875 1488356185.576060 write(5, "i", 1) = 1
15875 1488356185.576112 clock_gettime(CLOCK_BOOTTIME, {19391, 848452623}) = 0
15875 1488356185.576222 clock_gettime(CLOCK_BOOTTIME, {19391, 848561141}) = 0
15875 1488356185.576259 select(7, [3 4], [], NULL, NULL) = 1 (in [4])
15875 1488356185.727992 clock_gettime(CLOCK_BOOTTIME, {19392, 350257}) = 0
15875 1488356185.728092 read(4, "f", 16384) = 1
15875 1488356185.728202 clock_gettime(CLOCK_BOOTTIME, {19392, 557534}) = 0
15875 1488356185.728294 clock_gettime(CLOCK_BOOTTIME, {19392, 641038}) = 0
15875 1488356185.728364 select(7, [3 4], [3], NULL, NULL) = 1 (out [3])
15875 1488356185.728464 clock_gettime(CLOCK_BOOTTIME, {19392, 811459}) = 0
15875 1488356185.728566 write(3, "k\1q\363\335\205,\202\376PD\301\224\v7%<\231\371rf\27X\325\323\210\221\303\215\31='"..., 36) = 36
15875 1488356185.728804 clock_gettime(CLOCK_BOOTTIME, {19392, 1148648}) = 0
15875 1488356185.728968 clock_gettime(CLOCK_BOOTTIME, {19392, 1317841}) = 0
15875 1488356185.729039 select(7, [3 4], [], NULL, NULL) = 1 (in [3])
15875 1488356185.729510 clock_gettime(CLOCK_BOOTTIME, {19392, 1854137}) = 0
15875 1488356185.729569 read(3, "SZpx\36\252\304\234T\347o^EB\373\22N\211v?\220\222(\3060\352\333\200\276@\32A"..., 8192) = 36
15875 1488356185.729652 clock_gettime(CLOCK_BOOTTIME, {19392, 1997044}) = 0
15875 1488356185.729721 clock_gettime(CLOCK_BOOTTIME, {19392, 2066792}) = 0
15875 1488356185.729797 select(7, [3 4], [5], NULL, NULL) = 1 (out [5])
15875 1488356185.729894 clock_gettime(CLOCK_BOOTTIME, {19392, 2241088}) = 0
15875 1488356185.729966 write(5, "f", 1) = 1
15875 1488356185.730054 clock_gettime(CLOCK_BOOTTIME, {19392, 2402020}) = 0
15875 1488356185.730174 clock_gettime(CLOCK_BOOTTIME, {19392, 2529959}) = 0
15875 1488356185.730265 select(7, [3 4], [], NULL, NULL) = 1 (in [4])
15875 1488356186.109993 clock_gettime(CLOCK_BOOTTIME, {19392, 382349984}) = 0
15875 1488356186.110078 read(4, "c", 16384) = 1
15875 1488356186.110209 clock_gettime(CLOCK_BOOTTIME, {19392, 382567856}) = 0
15875 1488356186.110323 clock_gettime(CLOCK_BOOTTIME, {19392, 382676969}) = 0
15875 1488356186.110428 select(7, [3 4], [3], NULL, NULL) = 1 (out [3])
15875 1488356186.110546 clock_gettime(CLOCK_BOOTTIME, {19392, 382896795}) = 0
15875 1488356186.110632 write(3, "\217w\332\236\24~\350\277\277\221lr\23R\210\370=\211\276\314\324q\222\261x0\277\16\21\330)\216"..., 36) = 36
15875 1488356186.110931 clock_gettime(CLOCK_BOOTTIME, {19392, 383301147}) = 0
15875 1488356186.111067 clock_gettime(CLOCK_BOOTTIME, {19392, 383416752}) = 0
15875 1488356186.111271 select(7, [3 4], [], NULL, NULL) = 1 (in [3])
15875 1488356186.111825 clock_gettime(CLOCK_BOOTTIME, {19392, 384187497}) = 0
15875 1488356186.111934 read(3, "\26'\35<\212\262\v\223\202\332\202\5\222-9\305XQ\267P\371\245nL\256<B\203=\344\232\260"..., 8192) = 36
15875 1488356186.112034 clock_gettime(CLOCK_BOOTTIME, {19392, 384385851}) = 0
15875 1488356186.112107 clock_gettime(CLOCK_BOOTTIME, {19392, 384451333}) = 0
15875 1488356186.112161 select(7, [3 4], [5], NULL, NULL) = 1 (out [5])
15875 1488356186.112226 clock_gettime(CLOCK_BOOTTIME, {19392, 384567781}) = 0
15875 1488356186.112336 write(5, "c", 1) = 1
15875 1488356186.112401 clock_gettime(CLOCK_BOOTTIME, {19392, 384822763}) = 0
15875 1488356186.112537 clock_gettime(CLOCK_BOOTTIME, {19392, 384878099}) = 0
15875 1488356186.112583 select(7, [3 4], [], NULL, NULL) = 1 (in [4])
15875 1488356186.219939 clock_gettime(CLOCK_BOOTTIME, {19392, 492291237}) = 0
15875 1488356186.220026 read(4, "o", 16384) = 1
15875 1488356186.220144 clock_gettime(CLOCK_BOOTTIME, {19392, 492493528}) = 0
15875 1488356186.220220 clock_gettime(CLOCK_BOOTTIME, {19392, 492563297}) = 0
15875 1488356186.220298 select(7, [3 4], [3], NULL, NULL) = 1 (out [3])
15875 1488356186.220374 clock_gettime(CLOCK_BOOTTIME, {19392, 492717134}) = 0
15875 1488356186.220431 write(3, "R\260B\240\321\305%\324\357\354\372,\27\n\343yU\275 \360k\256c^q\234\342;;$z\376"..., 36) = 36
15875 1488356186.220605 clock_gettime(CLOCK_BOOTTIME, {19392, 492959305}) = 0
15875 1488356186.220710 clock_gettime(CLOCK_BOOTTIME, {19392, 493058904}) = 0
15875 1488356186.220786 select(7, [3 4], [], NULL, NULL) = 1 (in [3])
15875 1488356186.221435 clock_gettime(CLOCK_BOOTTIME, {19392, 493806201}) = 0
15875 1488356186.221529 read(3, "])\350\21\0\221\277\250\237\30\304\234\324\375\360HUi)\352\377\214\256\344\372\200\300y\0\17\221b"..., 8192) = 36
15875 1488356186.221624 clock_gettime(CLOCK_BOOTTIME, {19392, 493972588}) = 0
15875 1488356186.221696 clock_gettime(CLOCK_BOOTTIME, {19392, 494043802}) = 0
15875 1488356186.221757 select(7, [3 4], [5], NULL, NULL) = 1 (out [5])
15875 1488356186.221825 clock_gettime(CLOCK_BOOTTIME, {19392, 494166557}) = 0
15875 1488356186.221873 write(5, "o", 1) = 1
15875 1488356186.221947 clock_gettime(CLOCK_BOOTTIME, {19392, 494316566}) = 0
15875 1488356186.222043 clock_gettime(CLOCK_BOOTTIME, {19392, 494385281}) = 0
15875 1488356186.222095 select(7, [3 4], [], NULL, NULL) = 1 (in [4])
15875 1488356186.323758 clock_gettime(CLOCK_BOOTTIME, {19392, 596139016}) = 0
15875 1488356186.323875 read(4, "n", 16384) = 1
15875 1488356186.323986 clock_gettime(CLOCK_BOOTTIME, {19392, 596335658}) = 0
15875 1488356186.324062 clock_gettime(CLOCK_BOOTTIME, {19392, 596415252}) = 0
15875 1488356186.324222 select(7, [3 4], [3], NULL, NULL) = 1 (out [3])
15875 1488356186.324421 clock_gettime(CLOCK_BOOTTIME, {19392, 596808393}) = 0
15875 1488356186.324536 write(3, "\246\243\fS\224\275\\\330\33\216!\247\23R\211s\3210\221\370CYj$#\362\201\212\257N.\333"..., 36) = 36
15875 1488356186.325592 clock_gettime(CLOCK_BOOTTIME, {19392, 597935964}) = 0
15875 1488356186.325684 clock_gettime(CLOCK_BOOTTIME, {19392, 598037638}) = 0
15875 1488356186.325777 select(7, [3 4], [], NULL, NULL) = 1 (in [3])
15875 1488356186.325871 clock_gettime(CLOCK_BOOTTIME, {19392, 598217538}) = 0
15875 1488356186.325937 read(3, "\367\250ZS\254\374\205\316x<-\215\315N\206\323\357\312\7\257C\335\34m\2\310\31\243\1=\362\366"..., 8192) = 36
15875 1488356186.326009 clock_gettime(CLOCK_BOOTTIME, {19392, 598350765}) = 0
15875 1488356186.326055 clock_gettime(CLOCK_BOOTTIME, {19392, 598396034}) = 0
15875 1488356186.326102 select(7, [3 4], [5], NULL, NULL) = 1 (out [5])
15875 1488356186.326163 clock_gettime(CLOCK_BOOTTIME, {19392, 598504018}) = 0
15875 1488356186.326209 write(5, "n", 1) = 1
15875 1488356186.326283 clock_gettime(CLOCK_BOOTTIME, {19392, 598712832}) = 0
15875 1488356186.326438 clock_gettime(CLOCK_BOOTTIME, {19392, 598780192}) = 0
15875 1488356186.326488 select(7, [3 4], [], NULL, NULL) = 1 (in [4])
15875 1488356186.395085 clock_gettime(CLOCK_BOOTTIME, {19392, 667440466}) = 0
15875 1488356186.395186 read(4, "f", 16384) = 1
15875 1488356186.395312 clock_gettime(CLOCK_BOOTTIME, {19392, 667664683}) = 0
15875 1488356186.395394 clock_gettime(CLOCK_BOOTTIME, {19392, 667742555}) = 0
15875 1488356186.395470 select(7, [3 4], [3], NULL, NULL) = 1 (out [3])
15875 1488356186.395566 clock_gettime(CLOCK_BOOTTIME, {19392, 667914539}) = 0
15875 1488356186.395645 write(3, "\32\326P\306L\r\337\4\264\241'\231|A\30)i\253\236w\310\333\274`z\17\367\277r\260\202B"..., 36) = 36
15875 1488356186.395925 clock_gettime(CLOCK_BOOTTIME, {19392, 668271415}) = 0
15875 1488356186.395991 clock_gettime(CLOCK_BOOTTIME, {19392, 668336753}) = 0
15875 1488356186.396054 select(7, [3 4], [], NULL, NULL) = 1 (in [3])
15875 1488356186.396746 clock_gettime(CLOCK_BOOTTIME, {19392, 669105054}) = 0
15875 1488356186.396847 read(3, "\327\17\223\37\313<\30\240\254\265!\"\360\"\30R4\3752*\267mVv\270y+\371\326\n\4\274"..., 8192) = 36
15875 1488356186.396956 clock_gettime(CLOCK_BOOTTIME, {19392, 669300241}) = 0
15875 1488356186.397021 clock_gettime(CLOCK_BOOTTIME, {19392, 669362187}) = 0
15875 1488356186.397067 select(7, [3 4], [5], NULL, NULL) = 1 (out [5])
15875 1488356186.397125 clock_gettime(CLOCK_BOOTTIME, {19392, 669464746}) = 0
15875 1488356186.397169 write(5, "f", 1) = 1
15875 1488356186.397246 clock_gettime(CLOCK_BOOTTIME, {19392, 669591206}) = 0
15875 1488356186.397308 clock_gettime(CLOCK_BOOTTIME, {19392, 669650880}) = 0
15875 1488356186.397362 select(7, [3 4], [], NULL, NULL) = 1 (in [4])
15875 1488356186.488159 clock_gettime(CLOCK_BOOTTIME, {19392, 760513770}) = 0
15875 1488356186.488266 read(4, "i", 16384) = 1
15875 1488356186.488424 clock_gettime(CLOCK_BOOTTIME, {19392, 760775671}) = 0
15875 1488356186.488503 clock_gettime(CLOCK_BOOTTIME, {19392, 760849235}) = 0
15875 1488356186.488569 select(7, [3 4], [3], NULL, NULL) = 1 (out [3])
15875 1488356186.488678 clock_gettime(CLOCK_BOOTTIME, {19392, 761026004}) = 0
15875 1488356186.488749 write(3, "\370\21\210\177V\301F\3247l\222\252\256\272'5\3564\201\n\177\35\226X\235\240\310I\5'\241\360"..., 36) = 36
15875 1488356186.488953 clock_gettime(CLOCK_BOOTTIME, {19392, 761297363}) = 0
15875 1488356186.489008 clock_gettime(CLOCK_BOOTTIME, {19392, 761379258}) = 0
15875 1488356186.489097 select(7, [3 4], [], NULL, NULL) = 1 (in [3])
15875 1488356186.489759 clock_gettime(CLOCK_BOOTTIME, {19392, 762106767}) = 0
15875 1488356186.489827 read(3, "\371\310A\4\234+\311\27\311\256\302\20\364p\332\0*\33\251\271D\264\233\250;S)\227&\21x\252"..., 8192) = 36
15875 1488356186.489923 clock_gettime(CLOCK_BOOTTIME, {19392, 762266816}) = 0
15875 1488356186.490071 clock_gettime(CLOCK_BOOTTIME, {19392, 762506642}) = 0
15875 1488356186.490234 select(7, [3 4], [5], NULL, NULL) = 1 (out [5])
15875 1488356186.490321 clock_gettime(CLOCK_BOOTTIME, {19392, 762661952}) = 0
15875 1488356186.490367 write(5, "i", 1) = 1
15875 1488356186.490426 clock_gettime(CLOCK_BOOTTIME, {19392, 762766784}) = 0
15875 1488356186.490473 clock_gettime(CLOCK_BOOTTIME, {19392, 762813240}) = 0
15875 1488356186.490516 select(7, [3 4], [], NULL, NULL) = 1 (in [4])
15875 1488356186.607779 clock_gettime(CLOCK_BOOTTIME, {19392, 880141900}) = 0
15875 1488356186.607879 read(4, "g", 16384) = 1
15875 1488356186.608050 clock_gettime(CLOCK_BOOTTIME, {19392, 880405246}) = 0
15875 1488356186.608139 clock_gettime(CLOCK_BOOTTIME, {19392, 880485453}) = 0
15875 1488356186.608211 select(7, [3 4], [3], NULL, NULL) = 1 (out [3])
15875 1488356186.608310 clock_gettime(CLOCK_BOOTTIME, {19392, 880654147}) = 0
15875 1488356186.608377 write(3, "\236]i\335\10{bn\7\205\273\375'\256\236\1q\226\36'\271\\O\304\306\352\25<\210\333\245k"..., 36) = 36
15875 1488356186.608576 clock_gettime(CLOCK_BOOTTIME, {19392, 880920208}) = 0
15875 1488356186.608644 clock_gettime(CLOCK_BOOTTIME, {19392, 880993254}) = 0
15875 1488356186.608720 select(7, [3 4], [], NULL, NULL) = 1 (in [3])
15875 1488356186.609289 clock_gettime(CLOCK_BOOTTIME, {19392, 881634409}) = 0
15875 1488356186.609352 read(3, "n\214\365\204PY.\23e\311\17\201^)\322\346\335\25X\346\325\303dY\30\372\335@\342\243\372\333"..., 8192) = 36
15875 1488356186.609435 clock_gettime(CLOCK_BOOTTIME, {19392, 881780353}) = 0
15875 1488356186.609497 clock_gettime(CLOCK_BOOTTIME, {19392, 881840914}) = 0
15875 1488356186.609556 select(7, [3 4], [5], NULL, NULL) = 1 (out [5])
15875 1488356186.609637 clock_gettime(CLOCK_BOOTTIME, {19392, 881981987}) = 0
15875 1488356186.609698 write(5, "g", 1) = 1
15875 1488356186.609775 clock_gettime(CLOCK_BOOTTIME, {19392, 882119791}) = 0
15875 1488356186.609837 clock_gettime(CLOCK_BOOTTIME, {19392, 882180026}) = 0
15875 1488356186.609895 select(7, [3 4], [], NULL, NULL) = 1 (in [4])
15875 1488356186.795826 clock_gettime(CLOCK_BOOTTIME, {19393, 68182876}) = 0
15875 1488356186.795921 read(4, "\r", 16384) = 1
15875 1488356186.796041 clock_gettime(CLOCK_BOOTTIME, {19393, 68392148}) = 0
15875 1488356186.796125 clock_gettime(CLOCK_BOOTTIME, {19393, 68469792}) = 0
15875 1488356186.796187 select(7, [3 4], [3], NULL, NULL) = 1 (out [3])
15875 1488356186.796267 clock_gettime(CLOCK_BOOTTIME, {19393, 68609843}) = 0
15875 1488356186.796332 write(3, "|\250\374\364a\314\tk\242\2\371\35\324\224\377\264\212Am\5\321\316\273\301\357B\353\216\30\240\357\233"..., 36) = 36
15875 1488356186.796548 clock_gettime(CLOCK_BOOTTIME, {19393, 68892257}) = 0
15875 1488356186.796609 clock_gettime(CLOCK_BOOTTIME, {19393, 68952912}) = 0
15875 1488356186.796682 select(7, [3 4], [], NULL, NULL) = 1 (in [3])
15875 1488356186.800476 clock_gettime(CLOCK_BOOTTIME, {19393, 72822352}) = 0
15875 1488356186.800536 read(3, "\232\235\327Ek;\1@f\221\3\5\353\323\261\240\220\216\226\1\223M\340\365ETg|\334y\337\315"..., 8192) = 1020
15875 1488356186.800623 clock_gettime(CLOCK_BOOTTIME, {19393, 72962207}) = 0
15875 1488356186.800684 clock_gettime(CLOCK_BOOTTIME, {19393, 73031470}) = 0
15875 1488356186.800742 select(7, [3 4], [5], NULL, NULL) = 1 (out [5])
15875 1488356186.800816 clock_gettime(CLOCK_BOOTTIME, {19393, 73162695}) = 0
15875 1488356186.800872 write(5, "\r\nens33     Link encap:\344\273\245\345\244\252\347\275\221"..., 981) = 981
15875 1488356186.800935 clock_gettime(CLOCK_BOOTTIME, {19393, 73273944}) = 0
15875 1488356186.800979 clock_gettime(CLOCK_BOOTTIME, {19393, 73317078}) = 0
15875 1488356186.801015 select(7, [3 4], [], NULL, NULL) = 1 (in [3])
15875 1488356186.801080 clock_gettime(CLOCK_BOOTTIME, {19393, 73417329}) = 0
15875 1488356186.801113 read(3, "\327\300\32%7\211\210\240\371\351\352\r\262J\323\273@\344qk\5V\7\t\314\253\362|\323\267n9"..., 8192) = 92
15875 1488356186.801169 clock_gettime(CLOCK_BOOTTIME, {19393, 73515184}) = 0
15875 1488356186.801223 clock_gettime(CLOCK_BOOTTIME, {19393, 73564187}) = 0
15875 1488356186.801270 select(7, [3 4], [5], NULL, NULL) = 1 (out [5])
15875 1488356186.801332 clock_gettime(CLOCK_BOOTTIME, {19393, 73673154}) = 0
15875 1488356186.801379 write(5, "\33]0;liu@liu-vm: ~\7\33[01;32mliu@li"..., 58) = 58
15875 1488356186.801467 clock_gettime(CLOCK_BOOTTIME, {19393, 73809178}) = 0
15875 1488356186.801518 clock_gettime(CLOCK_BOOTTIME, {19393, 73859013}) = 0
15875 1488356186.801565 select(7, [3 4], [], NULL, NULL) = 1 (in [4])
15875 1488356188.787774 clock_gettime(CLOCK_BOOTTIME, {19395, 60132706}) = 0
15875 1488356188.787864 read(4, "e", 16384) = 1
15875 1488356188.787977 clock_gettime(CLOCK_BOOTTIME, {19395, 60331076}) = 0
15875 1488356188.788072 clock_gettime(CLOCK_BOOTTIME, {19395, 60445403}) = 0
15875 1488356188.788234 select(7, [3 4], [3], NULL, NULL) = 1 (out [3])
15875 1488356188.788352 clock_gettime(CLOCK_BOOTTIME, {19395, 60698939}) = 0
15875 1488356188.788431 write(3, "\371B\321\372\362\331\257\374\343\21\362\347+#\360\220Z\"\344\16m\225\205c7\356\21\210~A\231\37"..., 36) = 36
15875 1488356188.789736 clock_gettime(CLOCK_BOOTTIME, {19395, 62092789}) = 0
15875 1488356188.789822 clock_gettime(CLOCK_BOOTTIME, {19395, 62208181}) = 0
15875 1488356188.789929 select(7, [3 4], [], NULL, NULL) = 1 (in [3])
15875 1488356188.790043 clock_gettime(CLOCK_BOOTTIME, {19395, 62390607}) = 0
15875 1488356188.790113 read(3, "\305\204\264\275\f\226\4\276\347\203\315X2M\341\274\260\354\276\270K\266C\344\223\323{\255\312\234=>"..., 8192) = 36
15875 1488356188.790202 clock_gettime(CLOCK_BOOTTIME, {19395, 62549154}) = 0
15875 1488356188.790268 clock_gettime(CLOCK_BOOTTIME, {19395, 62668188}) = 0
15875 1488356188.790389 select(7, [3 4], [5], NULL, NULL) = 1 (out [5])
15875 1488356188.790472 clock_gettime(CLOCK_BOOTTIME, {19395, 62817418}) = 0
15875 1488356188.790536 write(5, "e", 1) = 1
15875 1488356188.790614 clock_gettime(CLOCK_BOOTTIME, {19395, 62962071}) = 0
15875 1488356188.790686 clock_gettime(CLOCK_BOOTTIME, {19395, 63032958}) = 0
15875 1488356188.790762 select(7, [3 4], [], NULL, NULL) = 1 (in [4])
15875 1488356189.027496 clock_gettime(CLOCK_BOOTTIME, {19395, 299853649}) = 0
15875 1488356189.027589 read(4, "x", 16384) = 1
15875 1488356189.027831 clock_gettime(CLOCK_BOOTTIME, {19395, 300191565}) = 0
15875 1488356189.027921 clock_gettime(CLOCK_BOOTTIME, {19395, 300271245}) = 0
15875 1488356189.027998 select(7, [3 4], [3], NULL, NULL) = 1 (out [3])
15875 1488356189.028107 clock_gettime(CLOCK_BOOTTIME, {19395, 300457128}) = 0
15875 1488356189.028211 write(3, "M:7\225+7\22\n\366\2221\v\313_\270\0019zn\272Yd\16n\210\205RX\301<\2317"..., 36) = 36
15875 1488356189.028492 clock_gettime(CLOCK_BOOTTIME, {19395, 300843610}) = 0
15875 1488356189.028617 clock_gettime(CLOCK_BOOTTIME, {19395, 300970122}) = 0
15875 1488356189.028701 select(7, [3 4], [], NULL, NULL) = 1 (in [3])
15875 1488356189.029189 clock_gettime(CLOCK_BOOTTIME, {19395, 301540206}) = 0
15875 1488356189.029276 read(3, "\33x\26|$rPi,\377\356\35\364d\366E\330\267\250x|@d\377\341\347]\210=\2079\375"..., 8192) = 36
15875 1488356189.029399 clock_gettime(CLOCK_BOOTTIME, {19395, 301749679}) = 0
15875 1488356189.029474 clock_gettime(CLOCK_BOOTTIME, {19395, 301821017}) = 0
15875 1488356189.029533 select(7, [3 4], [5], NULL, NULL) = 1 (out [5])
15875 1488356189.029765 clock_gettime(CLOCK_BOOTTIME, {19395, 302112321}) = 0
15875 1488356189.029834 write(5, "x", 1) = 1
15875 1488356189.029920 clock_gettime(CLOCK_BOOTTIME, {19395, 302263253}) = 0
15875 1488356189.029975 clock_gettime(CLOCK_BOOTTIME, {19395, 302316573}) = 0
15875 1488356189.030024 select(7, [3 4], [], NULL, NULL) = 1 (in [4])
15875 1488356189.224593 clock_gettime(CLOCK_BOOTTIME, {19395, 496952760}) = 0
15875 1488356189.224762 read(4, "i", 16384) = 1
15875 1488356189.224894 clock_gettime(CLOCK_BOOTTIME, {19395, 497245880}) = 0
15875 1488356189.224970 clock_gettime(CLOCK_BOOTTIME, {19395, 497333826}) = 0
15875 1488356189.225118 select(7, [3 4], [3], NULL, NULL) = 1 (out [3])
15875 1488356189.225352 clock_gettime(CLOCK_BOOTTIME, {19395, 497704754}) = 0
15875 1488356189.225434 write(3, "s\345v\211e.\365@\346\2238\300\312\267z\300\267\247\331\34a\371\376^a\fA\364e\204v\237"..., 36) = 36
15875 1488356189.225677 clock_gettime(CLOCK_BOOTTIME, {19395, 498025754}) = 0
15875 1488356189.225742 clock_gettime(CLOCK_BOOTTIME, {19395, 498085273}) = 0
15875 1488356189.225806 select(7, [3 4], [], NULL, NULL) = 1 (in [3])
15875 1488356189.226455 clock_gettime(CLOCK_BOOTTIME, {19395, 498807453}) = 0
15875 1488356189.226543 read(3, "\257\245\277q\314q\376\"\10\210\304o\232R\211~z\340\32h}\363Y\36\34\37\366~}\307\237'"..., 8192) = 36
15875 1488356189.226638 clock_gettime(CLOCK_BOOTTIME, {19395, 498984924}) = 0
15875 1488356189.226706 clock_gettime(CLOCK_BOOTTIME, {19395, 499051498}) = 0
15875 1488356189.226771 select(7, [3 4], [5], NULL, NULL) = 1 (out [5])
15875 1488356189.226856 clock_gettime(CLOCK_BOOTTIME, {19395, 499201419}) = 0
15875 1488356189.226920 write(5, "i", 1) = 1
15875 1488356189.227003 clock_gettime(CLOCK_BOOTTIME, {19395, 499363367}) = 0
15875 1488356189.227102 clock_gettime(CLOCK_BOOTTIME, {19395, 499445628}) = 0
15875 1488356189.227154 select(7, [3 4], [], NULL, NULL) = 1 (in [4])
15875 1488356189.354518 clock_gettime(CLOCK_BOOTTIME, {19395, 626873872}) = 0
15875 1488356189.354626 read(4, "t", 16384) = 1
15875 1488356189.354792 clock_gettime(CLOCK_BOOTTIME, {19395, 627149023}) = 0
15875 1488356189.354909 clock_gettime(CLOCK_BOOTTIME, {19395, 627262169}) = 0
15875 1488356189.354995 select(7, [3 4], [3], NULL, NULL) = 1 (out [3])
15875 1488356189.355082 clock_gettime(CLOCK_BOOTTIME, {19395, 627425810}) = 0
15875 1488356189.355133 write(3, "b\325\310X\342\270E\262V\323\273\271D\270Y\252\233\212\366\250A\207\"\256\321\2\353ik\266\t\350"..., 36) = 36
15875 1488356189.355338 clock_gettime(CLOCK_BOOTTIME, {19395, 627679962}) = 0
15875 1488356189.355389 clock_gettime(CLOCK_BOOTTIME, {19395, 627731012}) = 0
15875 1488356189.355439 select(7, [3 4], [], NULL, NULL) = 1 (in [3])
15875 1488356189.356162 clock_gettime(CLOCK_BOOTTIME, {19395, 628503943}) = 0
15875 1488356189.356212 read(3, "\303)F\350@\226\vjOPK\214\374qZ.\214\355\214(\336k\257\231\0050\347\321\324\270\r\202"..., 8192) = 36
15875 1488356189.356320 clock_gettime(CLOCK_BOOTTIME, {19395, 628670718}) = 0
15875 1488356189.356391 clock_gettime(CLOCK_BOOTTIME, {19395, 628737882}) = 0
15875 1488356189.356456 select(7, [3 4], [5], NULL, NULL) = 1 (out [5])
15875 1488356189.356524 clock_gettime(CLOCK_BOOTTIME, {19395, 628864576}) = 0
15875 1488356189.356569 write(5, "t", 1) = 1
15875 1488356189.356687 clock_gettime(CLOCK_BOOTTIME, {19395, 629036369}) = 0
15875 1488356189.356762 clock_gettime(CLOCK_BOOTTIME, {19395, 629108123}) = 0
15875 1488356189.356825 select(7, [3 4], [], NULL, NULL) = 1 (in [4])
15875 1488356189.794529 clock_gettime(CLOCK_BOOTTIME, {19396, 66883405}) = 0
15875 1488356189.794614 read(4, "\r", 16384) = 1
15875 1488356189.794714 clock_gettime(CLOCK_BOOTTIME, {19396, 67060528}) = 0
15875 1488356189.794779 clock_gettime(CLOCK_BOOTTIME, {19396, 67123728}) = 0
15875 1488356189.794841 select(7, [3 4], [3], NULL, NULL) = 1 (out [3])
15875 1488356189.794920 clock_gettime(CLOCK_BOOTTIME, {19396, 67264817}) = 0
15875 1488356189.794981 write(3, "\346\4\305\16\302\17=\230\345\324\354c=\34\32\251\212\0U\242\351\314\346\225&\266n\363\5\246\261J"..., 36) = 36
15875 1488356189.795227 clock_gettime(CLOCK_BOOTTIME, {19396, 67577237}) = 0
15875 1488356189.795301 clock_gettime(CLOCK_BOOTTIME, {19396, 67649034}) = 0
15875 1488356189.795372 select(7, [3 4], [], NULL, NULL) = 1 (in [3])
15875 1488356189.797374 clock_gettime(CLOCK_BOOTTIME, {19396, 69728395}) = 0
15875 1488356189.797467 read(3, "8E:>\2\17\351\247\227\36\255\244o\263[\332\346\305\37\256\247\341\220\277\271j\317\337\3\235\22`"..., 8192) = 44
15875 1488356189.797642 clock_gettime(CLOCK_BOOTTIME, {19396, 69993338}) = 0
15875 1488356189.797715 clock_gettime(CLOCK_BOOTTIME, {19396, 70130363}) = 0
15875 1488356189.797866 select(7, [3 4], [5], NULL, NULL) = 1 (out [5])
15875 1488356189.797957 clock_gettime(CLOCK_BOOTTIME, {19396, 70301855}) = 0
15875 1488356189.798016 write(5, "\r\nexit\r\n", 8) = 8
15875 1488356189.798105 clock_gettime(CLOCK_BOOTTIME, {19396, 70452678}) = 0
15875 1488356189.798174 clock_gettime(CLOCK_BOOTTIME, {19396, 70520019}) = 0
15875 1488356189.798238 select(7, [3 4], [], NULL, NULL) = 1 (in [3])
15875 1488356189.808566 clock_gettime(CLOCK_BOOTTIME, {19396, 80924296}) = 0
15875 1488356189.808660 read(3, "\7W\f\335v\216J\353W\341\241\206\267-\3107X-4\353\310\34Rx\300\264\311\23\177\333\325}"..., 8192) = 36
15875 1488356189.808767 close(5)        = 0
15875 1488356189.808856 clock_gettime(CLOCK_BOOTTIME, {19396, 81213446}) = 0
15875 1488356189.808942 clock_gettime(CLOCK_BOOTTIME, {19396, 81299163}) = 0
15875 1488356189.809027 select(7, [3 4], [], NULL, NULL) = 1 (in [3])
15875 1488356189.810522 clock_gettime(CLOCK_BOOTTIME, {19396, 82895126}) = 0
15875 1488356189.810667 read(3, "E\331\31K\260n4\331\232T\350\310\320\256\25\357\271\200\177\32U\324=\371\245\372mY=\2573\245"..., 8192) = 140
15875 1488356189.810841 close(4)        = 0
15875 1488356189.810958 clock_gettime(CLOCK_BOOTTIME, {19396, 83312735}) = 0
15875 1488356189.811046 clock_gettime(CLOCK_BOOTTIME, {19396, 83397448}) = 0
15875 1488356189.811117 ioctl(0, TCGETS, {B38400 -opost -isig -icanon -echo ...}) = 0
15875 1488356189.811188 ioctl(0, SNDCTL_TMR_STOP or TCSETSW, {B38400 opost isig icanon echo ...}) = 0
15875 1488356189.811270 ioctl(0, TCGETS, {B38400 opost isig icanon echo ...}) = 0
15875 1488356189.811370 close(6)        = 0
15875 1488356189.811427 select(7, [3], [3], NULL, NULL) = 1 (out [3])
15875 1488356189.811493 clock_gettime(CLOCK_BOOTTIME, {19396, 83835353}) = 0
15875 1488356189.811542 write(3, "\222\v4\200\216h\0246+\366\241&\257Ml\256A\32\330H\217\262\22\22\253?\7\304\240\3706\235"..., 36) = 36
15875 1488356189.811789 rt_sigaction(SIGWINCH, NULL, {0x559de2cd0670, [], SA_RESTORER, 0x7fc632ac94b0}, 8) = 0
15875 1488356189.811873 rt_sigaction(SIGWINCH, {SIG_DFL, [], SA_RESTORER, 0x7fc632ac94b0}, NULL, 8) = 0
15875 1488356189.811980 write(3, "\20\303?\246\7\33768&\34z\37\177\200\32W6\213jG\323\262\4\262sp\246\211Lh\26\243"..., 60) = 60
15875 1488356189.812119 ioctl(0, TCGETS, {B38400 opost isig icanon echo ...}) = 0
15875 1488356189.812183 ioctl(1, TCGETS, {B38400 opost isig icanon echo ...}) = 0
15875 1488356189.812240 ioctl(2, TCGETS, {B38400 opost isig icanon echo ...}) = 0
15875 1488356189.812317 write(2, "Connection to 192.168.0.107 clos"..., 37) = 37
15875 1488356189.812406 shutdown(3, SHUT_RDWR) = 0
15875 1488356189.812524 close(3)        = 0
15875 1488356189.812640 exit_group(0)   = ?
15875 1488356189.812998 +++ exited with 0 +++
