15496 1488355576.115634 select(8, [3 5], [], NULL, NULL) = 1 (in [5])
15496 1488355577.422510 clock_gettime(CLOCK_BOOTTIME, {18783, 694864931}) = 0
15496 1488355577.422595 read(5, "d", 16384) = 1
15496 1488355577.422716 clock_gettime(CLOCK_BOOTTIME, {18783, 695073695}) = 0
15496 1488355577.422805 clock_gettime(CLOCK_BOOTTIME, {18783, 695157463}) = 0
15496 1488355577.422885 select(8, [3 5], [3], NULL, NULL) = 1 (out [3])
15496 1488355577.422995 clock_gettime(CLOCK_BOOTTIME, {18783, 695348991}) = 0
15496 1488355577.423074 write(3, "\337\333\335\f\321f\247\251\221\277\353D\364\7\251Y\251\26\315\247 \272\370}\220b\311lN\10P\250"..., 36) = 36
15496 1488355577.423437 clock_gettime(CLOCK_BOOTTIME, {18783, 695802399}) = 0
15496 1488355577.423931 clock_gettime(CLOCK_BOOTTIME, {18783, 696295145}) = 0
15496 1488355577.424040 select(8, [3 5], [], NULL, NULL) = 1 (in [3])
15496 1488355577.424577 clock_gettime(CLOCK_BOOTTIME, {18783, 696938574}) = 0
15496 1488355577.424681 read(3, "y\367\255\353d\37\350U$\270c7B\325Og\340#\307\361\342\274\274\25+Y\351\376\0024D\357"..., 8192) = 36
15496 1488355577.424797 clock_gettime(CLOCK_BOOTTIME, {18783, 697142637}) = 0
15496 1488355577.424861 clock_gettime(CLOCK_BOOTTIME, {18783, 697218762}) = 0
15496 1488355577.425256 select(8, [3 5], [6], NULL, NULL) = 1 (out [6])
15496 1488355577.425352 clock_gettime(CLOCK_BOOTTIME, {18783, 697698582}) = 0
15496 1488355577.425442 write(6, "d", 1) = 1
15496 1488355577.425626 clock_gettime(CLOCK_BOOTTIME, {18783, 697976537}) = 0
15496 1488355577.425720 clock_gettime(CLOCK_BOOTTIME, {18783, 698070117}) = 0
15496 1488355577.425798 select(8, [3 5], [], NULL, NULL) = 1 (in [5])
15496 1488355577.644522 clock_gettime(CLOCK_BOOTTIME, {18783, 916876487}) = 0
15496 1488355577.644609 read(5, "f", 16384) = 1
15496 1488355577.644722 clock_gettime(CLOCK_BOOTTIME, {18783, 917074395}) = 0
15496 1488355577.644805 clock_gettime(CLOCK_BOOTTIME, {18783, 917156511}) = 0
15496 1488355577.644880 select(8, [3 5], [3], NULL, NULL) = 1 (out [3])
15496 1488355577.644990 clock_gettime(CLOCK_BOOTTIME, {18783, 917333607}) = 0
15496 1488355577.645044 write(3, "\20\375\16p\303\22\202W\261\20D\375f\16\305\231\362{\0065m\343\25\vs<e0\1YB\270"..., 36) = 36
15496 1488355577.645270 clock_gettime(CLOCK_BOOTTIME, {18783, 917620506}) = 0
15496 1488355577.645338 clock_gettime(CLOCK_BOOTTIME, {18783, 917681437}) = 0
15496 1488355577.645394 select(8, [3 5], [], NULL, NULL) = 1 (in [3])
15496 1488355577.646024 clock_gettime(CLOCK_BOOTTIME, {18783, 918367286}) = 0
15496 1488355577.646080 read(3, "5\215e8F\205\3760\321U\252\240\327\334p@wn\351\f\30\315\27\315*\262N=\363\275\354\216"..., 8192) = 36
15496 1488355577.646155 clock_gettime(CLOCK_BOOTTIME, {18783, 918497821}) = 0
15496 1488355577.646207 clock_gettime(CLOCK_BOOTTIME, {18783, 918549144}) = 0
15496 1488355577.646258 select(8, [3 5], [6], NULL, NULL) = 1 (out [6])
15496 1488355577.646326 clock_gettime(CLOCK_BOOTTIME, {18783, 918667949}) = 0
15496 1488355577.646378 write(6, "f", 1) = 1
15496 1488355577.646438 clock_gettime(CLOCK_BOOTTIME, {18783, 918779857}) = 0
15496 1488355577.646489 clock_gettime(CLOCK_BOOTTIME, {18783, 918830310}) = 0
15496 1488355577.646540 select(8, [3 5], [], NULL, NULL) = 1 (in [5])
15496 1488355578.877769 clock_gettime(CLOCK_BOOTTIME, {18785, 150142175}) = 0
15496 1488355578.877885 read(5, " ", 16384) = 1
15496 1488355578.877999 clock_gettime(CLOCK_BOOTTIME, {18785, 150364156}) = 0
15496 1488355578.878172 clock_gettime(CLOCK_BOOTTIME, {18785, 150562433}) = 0
15496 1488355578.878365 select(8, [3 5], [3], NULL, NULL) = 1 (out [3])
15496 1488355578.878526 clock_gettime(CLOCK_BOOTTIME, {18785, 150871929}) = 0
15496 1488355578.878583 write(3, "5\321\365a\214\206\262\316\256@\21\6K\300e\177\26\367\215\v\316\216\340\7\236\324&\237\260V\364W"..., 36) = 36
15496 1488355578.878813 clock_gettime(CLOCK_BOOTTIME, {18785, 151157104}) = 0
15496 1488355578.878874 clock_gettime(CLOCK_BOOTTIME, {18785, 151220007}) = 0
15496 1488355578.878957 select(8, [3 5], [], NULL, NULL) = 1 (in [3])
15496 1488355578.879783 clock_gettime(CLOCK_BOOTTIME, {18785, 152126271}) = 0
15496 1488355578.879858 read(3, "\344\212\177\16\320r\340\242\256\344\260\256Jz\300.j\317\311T^\234O\26\327\314\324\353\256\5\316\277"..., 8192) = 36
15496 1488355578.879944 clock_gettime(CLOCK_BOOTTIME, {18785, 152289121}) = 0
15496 1488355578.880011 clock_gettime(CLOCK_BOOTTIME, {18785, 152354578}) = 0
15496 1488355578.880073 select(8, [3 5], [6], NULL, NULL) = 1 (out [6])
15496 1488355578.880153 clock_gettime(CLOCK_BOOTTIME, {18785, 152497118}) = 0
15496 1488355578.880214 write(6, " ", 1) = 1
15496 1488355578.880285 clock_gettime(CLOCK_BOOTTIME, {18785, 152628975}) = 0
15496 1488355578.880349 clock_gettime(CLOCK_BOOTTIME, {18785, 152691507}) = 0
15496 1488355578.880412 select(8, [3 5], [], NULL, NULL) = 1 (in [5])
15496 1488355579.760153 clock_gettime(CLOCK_BOOTTIME, {18786, 32507516}) = 0
15496 1488355579.760226 read(5, "-", 16384) = 1
15496 1488355579.760753 clock_gettime(CLOCK_BOOTTIME, {18786, 33109776}) = 0
15496 1488355579.760867 clock_gettime(CLOCK_BOOTTIME, {18786, 33228080}) = 0
15496 1488355579.760978 select(8, [3 5], [3], NULL, NULL) = 1 (out [3])
15496 1488355579.761089 clock_gettime(CLOCK_BOOTTIME, {18786, 33434742}) = 0
15496 1488355579.761150 write(3, "P\340\205\276\337\367\35\316<\316\227.\220 \224\301\250C\245+\3\272\t\265M\314P\1\307\214\n\240"..., 36) = 36
15496 1488355579.761373 clock_gettime(CLOCK_BOOTTIME, {18786, 33719524}) = 0
15496 1488355579.761433 clock_gettime(CLOCK_BOOTTIME, {18786, 33777863}) = 0
15496 1488355579.761493 select(8, [3 5], [], NULL, NULL) = 1 (in [3])
15496 1488355579.762211 clock_gettime(CLOCK_BOOTTIME, {18786, 34557425}) = 0
15496 1488355579.762273 read(3, "\257\301(,\214\260'\353\26\17#\246\212\217\226\272\1Z\314i\314\244(\34\26\236\303\364\275\\\354\17"..., 8192) = 36
15496 1488355579.762357 clock_gettime(CLOCK_BOOTTIME, {18786, 34704850}) = 0
15496 1488355579.762416 clock_gettime(CLOCK_BOOTTIME, {18786, 34756215}) = 0
15496 1488355579.762463 select(8, [3 5], [6], NULL, NULL) = 1 (out [6])
15496 1488355579.762527 clock_gettime(CLOCK_BOOTTIME, {18786, 34919579}) = 0
15496 1488355579.762630 write(6, "-", 1) = 1
15496 1488355579.762710 clock_gettime(CLOCK_BOOTTIME, {18786, 35067670}) = 0
15496 1488355579.762778 clock_gettime(CLOCK_BOOTTIME, {18786, 35122597}) = 0
15496 1488355579.762835 select(8, [3 5], [], NULL, NULL) = 1 (in [5])
15496 1488355579.988984 clock_gettime(CLOCK_BOOTTIME, {18786, 261326241}) = 0
15496 1488355579.989026 read(5, "h", 16384) = 1
15496 1488355579.989088 clock_gettime(CLOCK_BOOTTIME, {18786, 261427979}) = 0
15496 1488355579.989123 clock_gettime(CLOCK_BOOTTIME, {18786, 261460439}) = 0
15496 1488355579.989156 select(8, [3 5], [3], NULL, NULL) = 1 (out [3])
15496 1488355579.989204 clock_gettime(CLOCK_BOOTTIME, {18786, 261541943}) = 0
15496 1488355579.989237 write(3, "\207)\266kr\31\360L\336\237J\365\263\225\23\260\256h&\ne\347A\344\253\246\n:\346\0\245\201"..., 36) = 36
15496 1488355579.989431 clock_gettime(CLOCK_BOOTTIME, {18786, 261773091}) = 0
15496 1488355579.989482 clock_gettime(CLOCK_BOOTTIME, {18786, 261821321}) = 0
15496 1488355579.989525 select(8, [3 5], [], NULL, NULL) = 1 (in [3])
15496 1488355579.990233 clock_gettime(CLOCK_BOOTTIME, {18786, 262572956}) = 0
15496 1488355579.990273 read(3, "n\204\207\177\331BMG\204\330\2718y5V\225\v7C\251+\32\211\365\246+\256'\335\362\313\r"..., 8192) = 36
15496 1488355579.990331 clock_gettime(CLOCK_BOOTTIME, {18786, 262668588}) = 0
15496 1488355579.990364 clock_gettime(CLOCK_BOOTTIME, {18786, 262700630}) = 0
15496 1488355579.990394 select(8, [3 5], [6], NULL, NULL) = 1 (out [6])
15496 1488355579.990436 clock_gettime(CLOCK_BOOTTIME, {18786, 262773220}) = 0
15496 1488355579.990467 write(6, "h", 1) = 1
15496 1488355579.990514 clock_gettime(CLOCK_BOOTTIME, {18786, 262852565}) = 0
15496 1488355579.990550 clock_gettime(CLOCK_BOOTTIME, {18786, 262888219}) = 0
15496 1488355579.990584 select(8, [3 5], [], NULL, NULL) = 1 (in [5])
15496 1488355580.260591 clock_gettime(CLOCK_BOOTTIME, {18786, 533731471}) = 0
15496 1488355580.261509 read(5, "\r", 16384) = 1
15496 1488355580.261645 clock_gettime(CLOCK_BOOTTIME, {18786, 534015709}) = 0
15496 1488355580.261753 clock_gettime(CLOCK_BOOTTIME, {18786, 534100026}) = 0
15496 1488355580.261820 select(8, [3 5], [3], NULL, NULL) = 1 (out [3])
15496 1488355580.261911 clock_gettime(CLOCK_BOOTTIME, {18786, 534261028}) = 0
15496 1488355580.261981 write(3, "\205\374`v\347\263wo\235\2658U^\376~\"\224+\177\257G\v\336\202\302\240+w2D\353i"..., 36) = 36
15496 1488355580.262233 clock_gettime(CLOCK_BOOTTIME, {18786, 534584778}) = 0
15496 1488355580.262312 clock_gettime(CLOCK_BOOTTIME, {18786, 534662214}) = 0
15496 1488355580.262404 select(8, [3 5], [], NULL, NULL) = 1 (in [3])
15496 1488355580.265566 clock_gettime(CLOCK_BOOTTIME, {18786, 537918431}) = 0
15496 1488355580.265649 read(3, "p\226QU\210\343\247Z\243\320#8Xp\21\223^p\n\353~7\0H=yf\2463 \0235"..., 8192) = 36
15496 1488355580.265756 clock_gettime(CLOCK_BOOTTIME, {18786, 538102245}) = 0
15496 1488355580.265813 clock_gettime(CLOCK_BOOTTIME, {18786, 538154744}) = 0
15496 1488355580.265884 select(8, [3 5], [6], NULL, NULL) = 1 (out [6])
15496 1488355580.266006 clock_gettime(CLOCK_BOOTTIME, {18786, 538355610}) = 0
15496 1488355580.266083 write(6, "\r\n", 2) = 2
15496 1488355580.266183 clock_gettime(CLOCK_BOOTTIME, {18786, 538529345}) = 0
15496 1488355580.266257 clock_gettime(CLOCK_BOOTTIME, {18786, 538601790}) = 0
15496 1488355580.266380 select(8, [3 5], [], NULL, NULL) = 1 (in [3])
15496 1488355580.267325 clock_gettime(CLOCK_BOOTTIME, {18786, 539669521}) = 0
15496 1488355580.267387 read(3, "\7\377\233~\326o\211\222\204p\0\201l\323\234I\302\353\346?;j\352I\t\202\236\362W\6\371\361"..., 8192) = 44
15496 1488355580.267468 clock_gettime(CLOCK_BOOTTIME, {18786, 539812840}) = 0
15496 1488355580.267528 clock_gettime(CLOCK_BOOTTIME, {18786, 539871098}) = 0
15496 1488355580.267585 select(8, [3 5], [6], NULL, NULL) = 2 (in [3], out [6])
15496 1488355580.267660 clock_gettime(CLOCK_BOOTTIME, {18786, 540024563}) = 0
15496 1488355580.267744 write(6, "df: ", 4) = 4
15496 1488355580.267819 read(3, "\206\205\323?D\336\32M9\355\272'Q\3518\371\224sP\333\22\237\275\373M\327p^<D\213\352"..., 8192) = 44
15496 1488355580.267918 clock_gettime(CLOCK_BOOTTIME, {18786, 540278311}) = 0
15496 1488355580.268102 clock_gettime(CLOCK_BOOTTIME, {18786, 540522984}) = 0
15496 1488355580.268312 select(8, [3 5], [6], NULL, NULL) = 2 (in [3], out [6])
15496 1488355580.268398 clock_gettime(CLOCK_BOOTTIME, {18786, 540741240}) = 0
15496 1488355580.268454 write(6, "/mnt/hgfs", 9) = 9
15496 1488355580.268529 read(3, "\212,)\323\r\304\213&Q\223+\20\177WS\17\31Rfi\345yM\206Z\312\215\340u\242\234P"..., 8192) = 88
15496 1488355580.268614 clock_gettime(CLOCK_BOOTTIME, {18786, 540959006}) = 0
15496 1488355580.268674 clock_gettime(CLOCK_BOOTTIME, {18786, 541016885}) = 0
15496 1488355580.268730 select(8, [3 5], [6], NULL, NULL) = 1 (out [6])
15496 1488355580.268806 clock_gettime(CLOCK_BOOTTIME, {18786, 541148955}) = 0
15496 1488355580.268862 write(6, ": \345\215\217\350\256\256\351\224\231\350\257\257\r\n", 16) = 16
15496 1488355580.268948 clock_gettime(CLOCK_BOOTTIME, {18786, 541301886}) = 0
15496 1488355580.269029 clock_gettime(CLOCK_BOOTTIME, {18786, 541378658}) = 0
15496 1488355580.269102 select(8, [3 5], [], NULL, NULL) = 1 (in [3])
15496 1488355580.269186 clock_gettime(CLOCK_BOOTTIME, {18786, 541529628}) = 0
15496 1488355580.269243 read(3, "C^\217\31e\273K\246[\216>b\r*\237l\320\237\346<\3749\356=fs\5\262\324m\243\270"..., 8192) = 100
15496 1488355580.269318 clock_gettime(CLOCK_BOOTTIME, {18786, 541662769}) = 0
15496 1488355580.269377 clock_gettime(CLOCK_BOOTTIME, {18786, 541720230}) = 0
15496 1488355580.269433 select(8, [3 5], [6], NULL, NULL) = 2 (in [3], out [6])
15496 1488355580.269507 clock_gettime(CLOCK_BOOTTIME, {18786, 541850003}) = 0
15496 1488355580.269563 write(6, "\346\226\207\344\273\266\347\263\273\347\273\237        \345\256\271\351\207\217  \345\267\262\347"..., 60) = 60
15496 1488355580.269636 read(3, "\325x\235P\\'\\\35\265\342\231\346\377]k\3752\370oQ\340L\352xX2\327D\267\261lO"..., 8192) = 120
15496 1488355580.269718 clock_gettime(CLOCK_BOOTTIME, {18786, 542062079}) = 0
15496 1488355580.269797 clock_gettime(CLOCK_BOOTTIME, {18786, 542141611}) = 0
15496 1488355580.269856 select(8, [3 5], [6], NULL, NULL) = 2 (in [3], out [6])
15496 1488355580.269997 clock_gettime(CLOCK_BOOTTIME, {18786, 542553645}) = 0
15496 1488355580.270285 write(6, "\r\nudev            973M     0  97"..., 45) = 45
15496 1488355580.270362 read(3, "\"~\263%N\2732\10@A\274:\242\372\346\300y\366\270\250{\234g\321y\232%\230\"\370\350e"..., 8192) = 120
15496 1488355580.270447 clock_gettime(CLOCK_BOOTTIME, {18786, 542791811}) = 0
15496 1488355580.270507 clock_gettime(CLOCK_BOOTTIME, {18786, 542850517}) = 0
15496 1488355580.270563 select(8, [3 5], [6], NULL, NULL) = 2 (in [3], out [6])
15496 1488355580.270640 clock_gettime(CLOCK_BOOTTIME, {18786, 542982970}) = 0
15496 1488355580.270695 write(6, "\r\ntmpfs           199M   12M  18"..., 45) = 45
15496 1488355580.270768 read(3, ".I9\304/\207g\267~DR<\32-fzV\v\2232\255a\254\317@s\251,zQ\f\226"..., 8192) = 112
15496 1488355580.270853 clock_gettime(CLOCK_BOOTTIME, {18786, 543198483}) = 0
15496 1488355580.270913 clock_gettime(CLOCK_BOOTTIME, {18786, 543262800}) = 0
15496 1488355580.271075 select(8, [3 5], [6], NULL, NULL) = 2 (in [3], out [6])
15496 1488355580.271172 clock_gettime(CLOCK_BOOTTIME, {18786, 543515258}) = 0
15496 1488355580.271229 write(6, "\r\n/dev/sda1        19G  6.5G   1"..., 42) = 42
15496 1488355580.271303 read(3, "\272\256\366\241_#\232!\17\227\323\37\371\247\204w:\342cyP\33\216\375\25\6h,UM,\32"..., 8192) = 120
15496 1488355580.271386 clock_gettime(CLOCK_BOOTTIME, {18786, 543730720}) = 0
15496 1488355580.271446 clock_gettime(CLOCK_BOOTTIME, {18786, 543788731}) = 0
15496 1488355580.271502 select(8, [3 5], [6], NULL, NULL) = 1 (out [6])
15496 1488355580.271624 clock_gettime(CLOCK_BOOTTIME, {18786, 543970404}) = 0
15496 1488355580.271740 write(6, "\r\ntmpfs           992M  516K  99"..., 49) = 49
15496 1488355580.271821 clock_gettime(CLOCK_BOOTTIME, {18786, 544158853}) = 0
15496 1488355580.271856 clock_gettime(CLOCK_BOOTTIME, {18786, 544193178}) = 0
15496 1488355580.271889 select(8, [3 5], [], NULL, NULL) = 1 (in [3])
15496 1488355580.272074 clock_gettime(CLOCK_BOOTTIME, {18786, 544415655}) = 0
15496 1488355580.272120 read(3, "\364\24\360\206jp$H\r\t\273\rx\255g\222[c\360\217\235\343\214\264\355\2252K0\321\256&"..., 8192) = 156
15496 1488355580.272208 clock_gettime(CLOCK_BOOTTIME, {18786, 544546668}) = 0
15496 1488355580.272243 clock_gettime(CLOCK_BOOTTIME, {18786, 544580297}) = 0
15496 1488355580.272275 select(8, [3 5], [6], NULL, NULL) = 2 (in [3], out [6])
15496 1488355580.272321 clock_gettime(CLOCK_BOOTTIME, {18786, 544658340}) = 0
15496 1488355580.272354 write(6, "\r\ntmpfs           5.0M  8.0K  5."..., 52) = 52
15496 1488355580.272398 read(3, "K\263\256\233\363$\6\256\330s\20;|\337\356\233\343K\255@\25&%\202L\6X\303(\20\34\233"..., 8192) = 184
15496 1488355580.272483 clock_gettime(CLOCK_BOOTTIME, {18786, 544903455}) = 0
15496 1488355580.272604 clock_gettime(CLOCK_BOOTTIME, {18786, 544941203}) = 0
15496 1488355580.272637 select(8, [3 5], [6], NULL, NULL) = 1 (out [6])
15496 1488355580.272682 clock_gettime(CLOCK_BOOTTIME, {18786, 545019441}) = 0
15496 1488355580.272716 write(6, "tmpfs           992M     0  992M"..., 108) = 108
15496 1488355580.272811 clock_gettime(CLOCK_BOOTTIME, {18786, 545149033}) = 0
15496 1488355580.272848 clock_gettime(CLOCK_BOOTTIME, {18786, 545184693}) = 0
15496 1488355580.272880 select(8, [3 5], [], NULL, NULL) = 1 (in [3])
15496 1488355580.273117 clock_gettime(CLOCK_BOOTTIME, {18786, 545456766}) = 0
15496 1488355580.273154 read(3, "\26]>\351\6+aO)\330i\32\227-\30\307\226\n y\32d\214\225+N\313\214:n\266\330"..., 8192) = 100
15496 1488355580.273241 clock_gettime(CLOCK_BOOTTIME, {18786, 545579284}) = 0
15496 1488355580.273276 clock_gettime(CLOCK_BOOTTIME, {18786, 545613180}) = 0
15496 1488355580.273309 select(8, [3 5], [6], NULL, NULL) = 1 (out [6])
15496 1488355580.273354 clock_gettime(CLOCK_BOOTTIME, {18786, 545690699}) = 0
15496 1488355580.273386 write(6, "\r\n\33]0;liu@liu-vm: ~\7\33[01;32mliu@"..., 60) = 60
15496 1488355580.273433 clock_gettime(CLOCK_BOOTTIME, {18786, 545782087}) = 0
15496 1488355580.273481 clock_gettime(CLOCK_BOOTTIME, {18786, 545817942}) = 0
15496 1488355580.273514 select(8, [3 5], [], NULL, NULL) = 1 (in [5])
15496 1488355580.784078 clock_gettime(CLOCK_BOOTTIME, {18787, 56435692}) = 0
15496 1488355580.784205 read(5, "e", 16384) = 1
15496 1488355580.784325 clock_gettime(CLOCK_BOOTTIME, {18787, 56677868}) = 0
15496 1488355580.784413 clock_gettime(CLOCK_BOOTTIME, {18787, 56762112}) = 0
15496 1488355580.784487 select(8, [3 5], [3], NULL, NULL) = 1 (out [3])
15496 1488355580.784572 clock_gettime(CLOCK_BOOTTIME, {18787, 56916537}) = 0
15496 1488355580.784634 write(3, "\37\256,?\326\200\4\314\347t\0014?\210\200d\23\270\5\247\351\261\33\n'yf\"\n\231\233\261"..., 36) = 36
15496 1488355580.784918 clock_gettime(CLOCK_BOOTTIME, {18787, 57285590}) = 0
15496 1488355580.785050 clock_gettime(CLOCK_BOOTTIME, {18787, 57409813}) = 0
15496 1488355580.785174 select(8, [3 5], [], NULL, NULL) = 1 (in [3])
15496 1488355580.785679 clock_gettime(CLOCK_BOOTTIME, {18787, 58024101}) = 0
15496 1488355580.785741 read(3, "}V\"\31\360@\2168\325#58\341p`\340\315\330\33\331T\33\230\tQ\314\323\315\323\326\2616"..., 8192) = 36
15496 1488355580.785829 clock_gettime(CLOCK_BOOTTIME, {18787, 58173894}) = 0
15496 1488355580.785893 clock_gettime(CLOCK_BOOTTIME, {18787, 58236459}) = 0
15496 1488355580.785952 select(8, [3 5], [6], NULL, NULL) = 1 (out [6])
15496 1488355580.786030 clock_gettime(CLOCK_BOOTTIME, {18787, 58373230}) = 0
15496 1488355580.786089 write(6, "e", 1) = 1
15496 1488355580.786159 clock_gettime(CLOCK_BOOTTIME, {18787, 58503196}) = 0
15496 1488355580.786224 clock_gettime(CLOCK_BOOTTIME, {18787, 58567415}) = 0
15496 1488355580.786284 select(8, [3 5], [], NULL, NULL) = 1 (in [5])
15496 1488355581.034415 clock_gettime(CLOCK_BOOTTIME, {18787, 306790885}) = 0
15496 1488355581.034540 read(5, "x", 16384) = 1
15496 1488355581.034676 clock_gettime(CLOCK_BOOTTIME, {18787, 307041495}) = 0
15496 1488355581.034775 clock_gettime(CLOCK_BOOTTIME, {18787, 307129313}) = 0
15496 1488355581.034853 select(8, [3 5], [3], NULL, NULL) = 1 (out [3])
15496 1488355581.034977 clock_gettime(CLOCK_BOOTTIME, {18787, 307326273}) = 0
15496 1488355581.035072 write(3, "a\203PT\25\344r\v&\35\321Z\326\251\305b\2214\222pxmZ\3429\323\364\267(\4P\332"..., 36) = 36
15496 1488355581.035323 clock_gettime(CLOCK_BOOTTIME, {18787, 307670742}) = 0
15496 1488355581.035398 clock_gettime(CLOCK_BOOTTIME, {18787, 307743366}) = 0
15496 1488355581.035467 select(8, [3 5], [], NULL, NULL) = 1 (in [3])
15496 1488355581.036163 clock_gettime(CLOCK_BOOTTIME, {18787, 308516789}) = 0
15496 1488355581.036249 read(3, "\373\374\370\325T=\21\232\212\270\346\25\20\317\rL+J\217\302%\252\336\234\254\2525\302\330\tij"..., 8192) = 36
15496 1488355581.036417 clock_gettime(CLOCK_BOOTTIME, {18787, 308805623}) = 0
15496 1488355581.036662 clock_gettime(CLOCK_BOOTTIME, {18787, 309007591}) = 0
15496 1488355581.036720 select(8, [3 5], [6], NULL, NULL) = 1 (out [6])
15496 1488355581.036809 clock_gettime(CLOCK_BOOTTIME, {18787, 309151762}) = 0
15496 1488355581.036861 write(6, "x", 1) = 1
15496 1488355581.036949 clock_gettime(CLOCK_BOOTTIME, {18787, 309305396}) = 0
15496 1488355581.037055 clock_gettime(CLOCK_BOOTTIME, {18787, 309407503}) = 0
15496 1488355581.037141 select(8, [3 5], [], NULL, NULL) = 1 (in [5])
15496 1488355581.179022 clock_gettime(CLOCK_BOOTTIME, {18787, 451369741}) = 0
15496 1488355581.179077 read(5, "i", 16384) = 1
15496 1488355581.179148 clock_gettime(CLOCK_BOOTTIME, {18787, 451490058}) = 0
15496 1488355581.179190 clock_gettime(CLOCK_BOOTTIME, {18787, 451529541}) = 0
15496 1488355581.179230 select(8, [3 5], [3], NULL, NULL) = 1 (out [3])
15496 1488355581.179292 clock_gettime(CLOCK_BOOTTIME, {18787, 451633141}) = 0
15496 1488355581.179349 write(3, "]\266\23\221/X\307\222\302\03275\370P\16\21U\311\3558\315Y\277q\275\242M\371\2541]\361"..., 36) = 36
15496 1488355581.179535 clock_gettime(CLOCK_BOOTTIME, {18787, 451875794}) = 0
15496 1488355581.179579 clock_gettime(CLOCK_BOOTTIME, {18787, 451919017}) = 0
15496 1488355581.179627 select(8, [3 5], [], NULL, NULL) = 1 (in [3])
15496 1488355581.180310 clock_gettime(CLOCK_BOOTTIME, {18787, 452649145}) = 0
15496 1488355581.180353 read(3, "]\252\225h\333q\27\207u?\304N\177:\24\327\235T7\211]\250\230w\372\256\200\7#\256\275\315"..., 8192) = 36
15496 1488355581.180476 clock_gettime(CLOCK_BOOTTIME, {18787, 452814686}) = 0
15496 1488355581.180514 clock_gettime(CLOCK_BOOTTIME, {18787, 452850567}) = 0
15496 1488355581.180548 select(8, [3 5], [6], NULL, NULL) = 1 (out [6])
15496 1488355581.180593 clock_gettime(CLOCK_BOOTTIME, {18787, 452930005}) = 0
15496 1488355581.180626 write(6, "i", 1) = 1
15496 1488355581.180672 clock_gettime(CLOCK_BOOTTIME, {18787, 453009323}) = 0
15496 1488355581.180706 clock_gettime(CLOCK_BOOTTIME, {18787, 453043550}) = 0
15496 1488355581.180739 select(8, [3 5], [], NULL, NULL) = 1 (in [5])
15496 1488355581.334135 clock_gettime(CLOCK_BOOTTIME, {18787, 606496708}) = 0
15496 1488355581.334335 read(5, "t", 16384) = 1
15496 1488355581.334613 clock_gettime(CLOCK_BOOTTIME, {18787, 607002658}) = 0
15496 1488355581.334867 clock_gettime(CLOCK_BOOTTIME, {18787, 607253471}) = 0
15496 1488355581.334999 select(8, [3 5], [3], NULL, NULL) = 1 (out [3])
15496 1488355581.335134 clock_gettime(CLOCK_BOOTTIME, {18787, 607480189}) = 0
15496 1488355581.335247 write(3, "\352\217\351\0\5M\337\334\361m\243Tp\177\273\23\352\215Z\322\247/\200\227\10\337^\331\205\265\10u"..., 36) = 36
15496 1488355581.335526 clock_gettime(CLOCK_BOOTTIME, {18787, 607863570}) = 0
15496 1488355581.335567 clock_gettime(CLOCK_BOOTTIME, {18787, 607906822}) = 0
15496 1488355581.335606 select(8, [3 5], [], NULL, NULL) = 1 (in [3])
15496 1488355581.336144 clock_gettime(CLOCK_BOOTTIME, {18787, 608487218}) = 0
15496 1488355581.336185 read(3, "\301\\;\206\\\320\0\202\353a\346C\254\7\353\212\360\252C\301\250\205O\251{<\301\352\23\\[\7"..., 8192) = 36
15496 1488355581.336241 clock_gettime(CLOCK_BOOTTIME, {18787, 608581687}) = 0
15496 1488355581.336284 clock_gettime(CLOCK_BOOTTIME, {18787, 608624103}) = 0
15496 1488355581.336326 select(8, [3 5], [6], NULL, NULL) = 1 (out [6])
15496 1488355581.336382 clock_gettime(CLOCK_BOOTTIME, {18787, 608722881}) = 0
15496 1488355581.336424 write(6, "t", 1) = 1
15496 1488355581.336584 clock_gettime(CLOCK_BOOTTIME, {18787, 608945595}) = 0
15496 1488355581.336660 clock_gettime(CLOCK_BOOTTIME, {18787, 609001271}) = 0
15496 1488355581.336710 select(8, [3 5], [], NULL, NULL) = 1 (in [5])
15496 1488355581.659352 clock_gettime(CLOCK_BOOTTIME, {18787, 931712137}) = 0
15496 1488355581.659500 read(5, "\r", 16384) = 1
15496 1488355581.659637 clock_gettime(CLOCK_BOOTTIME, {18787, 931993927}) = 0
15496 1488355581.659772 clock_gettime(CLOCK_BOOTTIME, {18787, 932126575}) = 0
15496 1488355581.659925 select(8, [3 5], [3], NULL, NULL) = 1 (out [3])
15496 1488355581.660083 clock_gettime(CLOCK_BOOTTIME, {18787, 932453267}) = 0
15496 1488355581.660194 write(3, "]:S\341\204V\314s\245L&\310\5Sjr\343m\251i\363\351\345\ndf\375w\30\307\300\35"..., 36) = 36
15496 1488355581.660433 clock_gettime(CLOCK_BOOTTIME, {18787, 932780499}) = 0
15496 1488355581.660497 clock_gettime(CLOCK_BOOTTIME, {18787, 932842595}) = 0
15496 1488355581.660558 select(8, [3 5], [], NULL, NULL) = 1 (in [3])
15496 1488355581.662382 clock_gettime(CLOCK_BOOTTIME, {18787, 934770179}) = 0
15496 1488355581.662553 read(3, "\242\0374\211y\212\303}\227\10(\0\260I\254r\5\251>2\n]\35\310\305\200N\\\35\327h\210"..., 8192) = 44
15496 1488355581.662731 clock_gettime(CLOCK_BOOTTIME, {18787, 935080243}) = 0
15496 1488355581.662886 clock_gettime(CLOCK_BOOTTIME, {18787, 935229294}) = 0
15496 1488355581.662940 select(8, [3 5], [6], NULL, NULL) = 1 (out [6])
15496 1488355581.663012 clock_gettime(CLOCK_BOOTTIME, {18787, 935355901}) = 0
15496 1488355581.663069 write(6, "\r\nexit\r\n", 8) = 8
15496 1488355581.663163 clock_gettime(CLOCK_BOOTTIME, {18787, 935520042}) = 0
15496 1488355581.663244 clock_gettime(CLOCK_BOOTTIME, {18787, 935591801}) = 0
15496 1488355581.663314 select(8, [3 5], [], NULL, NULL) = 1 (in [3])
15496 1488355581.674259 clock_gettime(CLOCK_BOOTTIME, {18787, 946727654}) = 0
15496 1488355581.674458 read(3, "S\203\353\16\344\275\236\177\301\\\232\371\352Y\22\r\313\305[\321E\313\235|\350\253cp\237\232\352\375"..., 8192) = 176
15496 1488355581.674728 close(5)        = 0
15496 1488355581.674802 close(6)        = 0
15496 1488355581.674873 clock_gettime(CLOCK_BOOTTIME, {18787, 947222858}) = 0
15496 1488355581.674941 clock_gettime(CLOCK_BOOTTIME, {18787, 947289802}) = 0
15496 1488355581.675006 ioctl(0, TCGETS, {B38400 -opost -isig -icanon -echo ...}) = 0
15496 1488355581.675110 ioctl(0, SNDCTL_TMR_STOP or TCSETSW, {B38400 opost isig icanon echo ...}) = 0
15496 1488355581.675228 ioctl(0, TCGETS, {B38400 opost isig icanon echo ...}) = 0
15496 1488355581.675370 close(7)        = 0
15496 1488355581.675428 select(8, [3], [3], NULL, NULL) = 1 (out [3])
15496 1488355581.675494 clock_gettime(CLOCK_BOOTTIME, {18787, 947835696}) = 0
15496 1488355581.675543 write(3, "\337x\31\327Z\220/\222\352\344<=6\300r\275\3243\351\357v\310t\326\0<\325a$zo\367"..., 36) = 36
15496 1488355581.675746 rt_sigaction(SIGWINCH, NULL, {0x55e79ec74670, [], SA_RESTORER, 0x7f7869e2d4b0}, 8) = 0
15496 1488355581.675835 rt_sigaction(SIGWINCH, {SIG_DFL, [], SA_RESTORER, 0x7f7869e2d4b0}, NULL, 8) = 0
15496 1488355581.676158 write(3, "\236NF\221\rM\301V\265\226;\2748\307\356\f0\341\237z\302\335\302\t\6;\223\331=\35\377\244"..., 60) = 60
15496 1488355581.676343 ioctl(0, TCGETS, {B38400 opost isig icanon echo ...}) = 0
15496 1488355581.676422 ioctl(1, TCGETS, {B38400 opost isig icanon echo ...}) = 0
15496 1488355581.676488 ioctl(2, TCGETS, {B38400 opost isig icanon echo ...}) = 0
15496 1488355581.676557 write(2, "Connection to 192.168.0.107 clos"..., 37) = 37
15496 1488355581.676639 shutdown(3, SHUT_RDWR) = 0
15496 1488355581.676819 close(3)        = 0
15496 1488355581.676930 exit_group(0)   = ?
15496 1488355581.677574 +++ exited with 0 +++
